#
# A fatal error has been detected by the Java Runtime Environment:
#
#  EXCEPTION_ACCESS_VIOLATION (0xc0000005) at pc=0x0000000180002710, pid=20472, tid=0x0000000000003d14
#
# JRE version: Java(TM) SE Runtime Environment (8.0_201-b09) (build 1.8.0_201-b09)
# Java VM: Java HotSpot(TM) 64-Bit Server VM (25.201-b09 mixed mode windows-amd64 compressed oops)
# Problematic frame:
# C  0x0000000180002710
#
# Failed to write core dump. Minidumps are not enabled by default on client versions of Windows
#
# If you would like to submit a bug report, please visit:
#   http://bugreport.java.com/bugreport/crash.jsp
# The crash happened outside the Java Virtual Machine in native code.
# See problematic frame for where to report the bug.
#

---------------  T H R E A D  ---------------

Current thread (0x000000001f6f2800):  JavaThread "http-nio-4098-exec-2" daemon [_thread_in_native, id=15636, stack(0x0000000027d40000,0x0000000027e40000)]

siginfo: ExceptionCode=0xc0000005, ExceptionInformation=0x0000000000000008 0x0000000180002710

Registers:
RAX=0x0000000180002710, RBX=0x0000000028c321d8, RCX=0x000000001f6f29f8, RDX=0x0000000027e3cde8
RSP=0x0000000027e3cd58, RBP=0x0000000027e3cdd8, RSI=0x0000000000200021, RDI=0x0000000000000010
R8 =0x00007ff802340000, R9 =0x0000000027e3cdf8, R10=0x0000000003941dc4, R11=0x0000000066bbcd40
R12=0x0000000000000000, R13=0x0000000028c321d8, R14=0x0000000027e3ce08, R15=0x000000001f6f2800
RIP=0x0000000180002710, EFLAGS=0x0000000000010202

Top of Stack: (sp=0x0000000027e3cd58)
0x0000000027e3cd58:   0000000003941df0 000000076fc64160
0x0000000027e3cd68:   00000007706550b0 0000000000000000
0x0000000027e3cd78:   0000000028c70838 000000000000000a
0x0000000027e3cd88:   00000006c4414da0 0000d58c0836b9c4
0x0000000027e3cd98:   0000000027e3cd98 0000000000000000
0x0000000027e3cda8:   0000000027e3ce08 0000000028c32608
0x0000000027e3cdb8:   0000000000000000 0000000028c321d8
0x0000000027e3cdc8:   0000000000000000 0000000027e3cdf8
0x0000000027e3cdd8:   0000000027e3ce50 0000000003927f10
0x0000000027e3cde8:   000000076f85d568 0000000003937a57
0x0000000027e3cdf8:   000000076f977d18 00007ff802340000
0x0000000027e3ce08:   00000000039283fd 0000000027e3ce10
0x0000000027e3ce18:   0000000028c31430 0000000027e3ce68
0x0000000027e3ce28:   0000000028c32608 0000000000000000
0x0000000027e3ce38:   0000000028c31458 0000000027e3cdf8
0x0000000027e3ce48:   0000000027e3ce60 0000000027e3ceb8 

Instructions: (pc=0x0000000180002710)
0x00000001800026f0:   
[error occurred during error reporting (printing registers, top of stack, instructions near pc), id 0xc0000005]

Register to memory mapping:

RAX=0x0000000180002710 is an unknown value
RBX={method} {0x0000000028c321e0} 'findSymbol' '(JLjava/lang/String;)J' in 'com/sun/jna/NativeLibrary'
RCX=0x000000001f6f29f8 is an unknown value
RDX=0x0000000027e3cde8 is pointing into the stack for thread: 0x000000001f6f2800
RSP=0x0000000027e3cd58 is pointing into the stack for thread: 0x000000001f6f2800
RBP=0x0000000027e3cdd8 is pointing into the stack for thread: 0x000000001f6f2800
RSI=0x0000000000200021 is an unknown value
RDI=0x0000000000000010 is an unknown value
R8 =0x00007ff802340000 is an unknown value
R9 =0x0000000027e3cdf8 is pointing into the stack for thread: 0x000000001f6f2800
R10=0x0000000003941dc4 is at code_begin+1700 in an Interpreter codelet
method entry point (kind = native)  [0x0000000003941720, 0x00000000039427e0]  4288 bytes
R11=0x0000000066bbcd40 is an unknown value
R12=0x0000000000000000 is an unknown value
R13={method} {0x0000000028c321e0} 'findSymbol' '(JLjava/lang/String;)J' in 'com/sun/jna/NativeLibrary'
R14=0x0000000027e3ce08 is pointing into the stack for thread: 0x000000001f6f2800
R15=0x000000001f6f2800 is a thread


Stack: [0x0000000027d40000,0x0000000027e40000],  sp=0x0000000027e3cd58,  free space=1011k
Native frames: (J=compiled Java code, j=interpreted, Vv=VM code, C=native code)
C  0x0000000180002710

Java frames: (J=compiled Java code, j=interpreted, Vv=VM code)
j  com.sun.jna.NativeLibrary.findSymbol(JLjava/lang/String;)J+0
j  com.sun.jna.NativeLibrary.getSymbolAddress(Ljava/lang/String;)J+24
j  com.sun.jna.Function.<init>(Lcom/sun/jna/NativeLibrary;Ljava/lang/String;I)V+41
j  com.sun.jna.NativeLibrary.getFunction(Ljava/lang/String;I)Lcom/sun/jna/Function;+48
j  com.sun.jna.Library$Handler.invoke(Ljava/lang/Object;Ljava/lang/reflect/Method;[Ljava/lang/Object;)Ljava/lang/Object;+231
j  com.sun.proxy.$Proxy94.NET_DVR_StopRealPlay(I)Z+19
j  com.deyi.daxie.cloud.service.video.VideoDemo.realPlay(II)V+167
j  com.deyi.daxie.cloud.service.video.VideoController.videoPlay()V+346
v  ~StubRoutines::call_stub
J 1966  sun.reflect.NativeMethodAccessorImpl.invoke0(Ljava/lang/reflect/Method;Ljava/lang/Object;[Ljava/lang/Object;)Ljava/lang/Object; (0 bytes) @ 0x0000000003f1c83f [0x0000000003f1c7c0+0x7f]
J 1965 C1 sun.reflect.NativeMethodAccessorImpl.invoke(Ljava/lang/Object;[Ljava/lang/Object;)Ljava/lang/Object; (104 bytes) @ 0x0000000003f1eadc [0x0000000003f1e6e0+0x3fc]
J 1964 C1 sun.reflect.DelegatingMethodAccessorImpl.invoke(Ljava/lang/Object;[Ljava/lang/Object;)Ljava/lang/Object; (10 bytes) @ 0x0000000003f1cfc4 [0x0000000003f1cf60+0x64]
J 1963 C1 java.lang.reflect.Method.invoke(Ljava/lang/Object;[Ljava/lang/Object;)Ljava/lang/Object; (62 bytes) @ 0x0000000003f1d89c [0x0000000003f1d760+0x13c]
j  org.springframework.web.method.support.InvocableHandlerMethod.doInvoke([Ljava/lang/Object;)Ljava/lang/Object;+32
j  org.springframework.web.method.support.InvocableHandlerMethod.invokeForRequest(Lorg/springframework/web/context/request/NativeWebRequest;Lorg/springframework/web/method/support/ModelAndViewContainer;[Ljava/lang/Object;)Ljava/lang/Object;+54
j  org.springframework.web.servlet.mvc.method.annotation.ServletInvocableHandlerMethod.invokeAndHandle(Lorg/springframework/web/context/request/ServletWebRequest;Lorg/springframework/web/method/support/ModelAndViewContainer;[Ljava/lang/Object;)V+4
j  org.springframework.web.servlet.mvc.method.annotation.RequestMappingHandlerAdapter.invokeHandlerMethod(Ljavax/servlet/http/HttpServletRequest;Ljavax/servlet/http/HttpServletResponse;Lorg/springframework/web/method/HandlerMethod;)Lorg/springframework/web/servlet/ModelAndView;+244
j  org.springframework.web.servlet.mvc.method.annotation.RequestMappingHandlerAdapter.handleInternal(Ljavax/servlet/http/HttpServletRequest;Ljavax/servlet/http/HttpServletResponse;Lorg/springframework/web/method/HandlerMethod;)Lorg/springframework/web/servlet/ModelAndView;+81
j  org.springframework.web.servlet.mvc.method.AbstractHandlerMethodAdapter.handle(Ljavax/servlet/http/HttpServletRequest;Ljavax/servlet/http/HttpServletResponse;Ljava/lang/Object;)Lorg/springframework/web/servlet/ModelAndView;+7
j  org.springframework.web.servlet.DispatcherServlet.doDispatch(Ljavax/servlet/http/HttpServletRequest;Ljavax/servlet/http/HttpServletResponse;)V+259
j  org.springframework.web.servlet.DispatcherServlet.doService(Ljavax/servlet/http/HttpServletRequest;Ljavax/servlet/http/HttpServletResponse;)V+241
j  org.springframework.web.servlet.FrameworkServlet.processRequest(Ljavax/servlet/http/HttpServletRequest;Ljavax/servlet/http/HttpServletResponse;)V+71
j  org.springframework.web.servlet.FrameworkServlet.doPost(Ljavax/servlet/http/HttpServletRequest;Ljavax/servlet/http/HttpServletResponse;)V+3
j  javax.servlet.http.HttpServlet.service(Ljavax/servlet/http/HttpServletRequest;Ljavax/servlet/http/HttpServletResponse;)V+149
j  org.springframework.web.servlet.FrameworkServlet.service(Ljavax/servlet/http/HttpServletRequest;Ljavax/servlet/http/HttpServletResponse;)V+33
j  javax.servlet.http.HttpServlet.service(Ljavax/servlet/ServletRequest;Ljavax/servlet/ServletResponse;)V+36
j  org.apache.catalina.core.ApplicationFilterChain.internalDoFilter(Ljavax/servlet/ServletRequest;Ljavax/servlet/ServletResponse;)V+304
j  org.apache.catalina.core.ApplicationFilterChain.doFilter(Ljavax/servlet/ServletRequest;Ljavax/servlet/ServletResponse;)V+99
j  org.apache.tomcat.websocket.server.WsFilter.doFilter(Ljavax/servlet/ServletRequest;Ljavax/servlet/ServletResponse;Ljavax/servlet/FilterChain;)V+21
j  org.apache.catalina.core.ApplicationFilterChain.internalDoFilter(Ljavax/servlet/ServletRequest;Ljavax/servlet/ServletResponse;)V+135
j  org.apache.catalina.core.ApplicationFilterChain.doFilter(Ljavax/servlet/ServletRequest;Ljavax/servlet/ServletResponse;)V+99
j  org.springframework.web.filter.RequestContextFilter.doFilterInternal(Ljavax/servlet/http/HttpServletRequest;Ljavax/servlet/http/HttpServletResponse;Ljavax/servlet/FilterChain;)V+21
j  org.springframework.web.filter.OncePerRequestFilter.doFilter(Ljavax/servlet/ServletRequest;Ljavax/servlet/ServletResponse;Ljavax/servlet/FilterChain;)V+147
j  org.apache.catalina.core.ApplicationFilterChain.internalDoFilter(Ljavax/servlet/ServletRequest;Ljavax/servlet/ServletResponse;)V+135
j  org.apache.catalina.core.ApplicationFilterChain.doFilter(Ljavax/servlet/ServletRequest;Ljavax/servlet/ServletResponse;)V+99
j  org.springframework.web.filter.FormContentFilter.doFilterInternal(Ljavax/servlet/http/HttpServletRequest;Ljavax/servlet/http/HttpServletResponse;Ljavax/servlet/FilterChain;)V+38
j  org.springframework.web.filter.OncePerRequestFilter.doFilter(Ljavax/servlet/ServletRequest;Ljavax/servlet/ServletResponse;Ljavax/servlet/FilterChain;)V+147
j  org.apache.catalina.core.ApplicationFilterChain.internalDoFilter(Ljavax/servlet/ServletRequest;Ljavax/servlet/ServletResponse;)V+135
j  org.apache.catalina.core.ApplicationFilterChain.doFilter(Ljavax/servlet/ServletRequest;Ljavax/servlet/ServletResponse;)V+99
j  org.springframework.web.filter.CharacterEncodingFilter.doFilterInternal(Ljavax/servlet/http/HttpServletRequest;Ljavax/servlet/http/HttpServletResponse;Ljavax/servlet/FilterChain;)V+53
j  org.springframework.web.filter.OncePerRequestFilter.doFilter(Ljavax/servlet/ServletRequest;Ljavax/servlet/ServletResponse;Ljavax/servlet/FilterChain;)V+147
j  org.apache.catalina.core.ApplicationFilterChain.internalDoFilter(Ljavax/servlet/ServletRequest;Ljavax/servlet/ServletResponse;)V+135
j  org.apache.catalina.core.ApplicationFilterChain.doFilter(Ljavax/servlet/ServletRequest;Ljavax/servlet/ServletResponse;)V+99
j  org.apache.catalina.core.StandardWrapperValve.invoke(Lorg/apache/catalina/connector/Request;Lorg/apache/catalina/connector/Response;)V+694
j  org.apache.catalina.core.StandardContextValve.invoke(Lorg/apache/catalina/connector/Request;Lorg/apache/catalina/connector/Response;)V+169
j  org.apache.catalina.authenticator.AuthenticatorBase.invoke(Lorg/apache/catalina/connector/Request;Lorg/apache/catalina/connector/Response;)V+260
j  org.apache.catalina.core.StandardHostValve.invoke(Lorg/apache/catalina/connector/Request;Lorg/apache/catalina/connector/Response;)V+128
j  org.apache.catalina.valves.ErrorReportValve.invoke(Lorg/apache/catalina/connector/Request;Lorg/apache/catalina/connector/Response;)V+6
j  org.apache.catalina.core.StandardEngineValve.invoke(Lorg/apache/catalina/connector/Request;Lorg/apache/catalina/connector/Response;)V+59
j  org.apache.catalina.connector.CoyoteAdapter.service(Lorg/apache/coyote/Request;Lorg/apache/coyote/Response;)V+199
j  org.apache.coyote.http11.Http11Processor.service(Lorg/apache/tomcat/util/net/SocketWrapperBase;)Lorg/apache/tomcat/util/net/AbstractEndpoint$Handler$SocketState;+737
j  org.apache.coyote.AbstractProcessorLight.process(Lorg/apache/tomcat/util/net/SocketWrapperBase;Lorg/apache/tomcat/util/net/SocketEvent;)Lorg/apache/tomcat/util/net/AbstractEndpoint$Handler$SocketState;+170
j  org.apache.coyote.AbstractProtocol$ConnectionHandler.process(Lorg/apache/tomcat/util/net/SocketWrapperBase;Lorg/apache/tomcat/util/net/SocketEvent;)Lorg/apache/tomcat/util/net/AbstractEndpoint$Handler$SocketState;+505
j  org.apache.tomcat.util.net.NioEndpoint$SocketProcessor.doRun()V+216
j  org.apache.tomcat.util.net.SocketProcessorBase.run()V+21
j  java.util.concurrent.ThreadPoolExecutor.runWorker(Ljava/util/concurrent/ThreadPoolExecutor$Worker;)V+95
j  java.util.concurrent.ThreadPoolExecutor$Worker.run()V+5
j  org.apache.tomcat.util.threads.TaskThread$WrappingRunnable.run()V+4
j  java.lang.Thread.run()V+11
v  ~StubRoutines::call_stub

---------------  P R O C E S S  ---------------

Java Threads: ( => current thread )
  0x0000000026424000 JavaThread "Abandoned connection cleanup thread" daemon [_thread_blocked, id=20552, stack(0x0000000003320000,0x0000000003420000)]
  0x0000000026433000 JavaThread "SpringContextShutdownHook" [_thread_blocked, id=24888, stack(0x00000000217d0000,0x00000000218d0000)]
  0x000000002642c800 JavaThread "SIGINT handler" daemon [_thread_blocked, id=20412, stack(0x0000000002c00000,0x0000000002d00000)]
  0x000000002642b800 JavaThread "logback-13" daemon [_thread_blocked, id=24236, stack(0x0000000030cb0000,0x0000000030db0000)]
  0x0000000026430000 JavaThread "logback-12" daemon [_thread_blocked, id=4432, stack(0x0000000030bb0000,0x0000000030cb0000)]
  0x000000002642f800 JavaThread "logback-11" daemon [_thread_blocked, id=23760, stack(0x0000000030270000,0x0000000030370000)]
  0x0000000026431800 JavaThread "DestroyJavaVM" [_thread_blocked, id=8992, stack(0x0000000003520000,0x0000000003620000)]
=>0x000000001f6f2800 JavaThread "http-nio-4098-exec-2" daemon [_thread_in_native, id=15636, stack(0x0000000027d40000,0x0000000027e40000)]
  0x000000001f6f2000 JavaThread "lettuce-timer-3-1" daemon [_thread_blocked, id=23172, stack(0x0000000027740000,0x0000000027840000)]
  0x000000001f6ec800 JavaThread "container-0" [_thread_blocked, id=6420, stack(0x0000000026e40000,0x0000000026f40000)]
  0x0000000024659800 JavaThread "Catalina-utility-2" [_thread_blocked, id=25424, stack(0x0000000026d40000,0x0000000026e40000)]
  0x0000000025d88800 JavaThread "Catalina-utility-1" [_thread_blocked, id=24724, stack(0x0000000024e70000,0x0000000024f70000)]
  0x0000000023e52000 JavaThread "RMI Scheduler(0)" daemon [_thread_blocked, id=4832, stack(0x0000000025270000,0x0000000025370000)]
  0x0000000023cfe800 JavaThread "logback-10" daemon [_thread_blocked, id=21104, stack(0x0000000024770000,0x0000000024870000)]
  0x0000000023cfb800 JavaThread "logback-9" daemon [_thread_blocked, id=25460, stack(0x0000000024670000,0x0000000024770000)]
  0x0000000023cf6000 JavaThread "logback-8" daemon [_thread_blocked, id=3452, stack(0x00000000235a0000,0x00000000236a0000)]
  0x0000000023cf4800 JavaThread "logback-7" daemon [_thread_blocked, id=5672, stack(0x00000000234a0000,0x00000000235a0000)]
  0x0000000023858800 JavaThread "logback-6" daemon [_thread_blocked, id=18344, stack(0x00000000233a0000,0x00000000234a0000)]
  0x0000000022c60800 JavaThread "RMI TCP Accept-0" daemon [_thread_in_native, id=25164, stack(0x0000000022ef0000,0x0000000022ff0000)]
  0x000000001f799800 JavaThread "Service Thread" daemon [_thread_blocked, id=14064, stack(0x00000000225d0000,0x00000000226d0000)]
  0x000000001f6f1000 JavaThread "C1 CompilerThread11" daemon [_thread_blocked, id=4656, stack(0x00000000224d0000,0x00000000225d0000)]
  0x000000001f6ef800 JavaThread "C1 CompilerThread10" daemon [_thread_blocked, id=24268, stack(0x00000000223d0000,0x00000000224d0000)]
  0x000000001f6f3800 JavaThread "C1 CompilerThread9" daemon [_thread_blocked, id=21972, stack(0x00000000222d0000,0x00000000223d0000)]
  0x000000001f6ef000 JavaThread "C1 CompilerThread8" daemon [_thread_blocked, id=11456, stack(0x00000000221d0000,0x00000000222d0000)]
  0x000000001f6f0800 JavaThread "C2 CompilerThread7" daemon [_thread_blocked, id=21144, stack(0x00000000220d0000,0x00000000221d0000)]
  0x000000001f6ee000 JavaThread "C2 CompilerThread6" daemon [_thread_blocked, id=26516, stack(0x0000000021fd0000,0x00000000220d0000)]
  0x000000001f6dc000 JavaThread "C2 CompilerThread5" daemon [_thread_blocked, id=14636, stack(0x0000000021ed0000,0x0000000021fd0000)]
  0x000000001f6cb000 JavaThread "C2 CompilerThread4" daemon [_thread_blocked, id=22976, stack(0x0000000021dd0000,0x0000000021ed0000)]
  0x000000001f6ba800 JavaThread "C2 CompilerThread3" daemon [_thread_blocked, id=25476, stack(0x0000000021cd0000,0x0000000021dd0000)]
  0x000000001f6b5800 JavaThread "C2 CompilerThread2" daemon [_thread_blocked, id=12512, stack(0x0000000021ad0000,0x0000000021bd0000)]
  0x000000001f6b1000 JavaThread "C2 CompilerThread1" daemon [_thread_blocked, id=472, stack(0x00000000219d0000,0x0000000021ad0000)]
  0x000000001f699800 JavaThread "C2 CompilerThread0" daemon [_thread_blocked, id=17732, stack(0x00000000218d0000,0x00000000219d0000)]
  0x000000001f67f000 JavaThread "JDWP Event Helper Thread" daemon [_thread_blocked, id=12440, stack(0x00000000216d0000,0x00000000217d0000)]
  0x000000001f66c000 JavaThread "Attach Listener" daemon [_thread_blocked, id=17012, stack(0x00000000214d0000,0x00000000215d0000)]
  0x000000001f5ff000 JavaThread "Signal Dispatcher" daemon [_thread_blocked, id=5028, stack(0x00000000213d0000,0x00000000214d0000)]
  0x000000001d90c800 JavaThread "Finalizer" daemon [_thread_blocked, id=13812, stack(0x0000000021260000,0x0000000021360000)]
  0x000000001f5e8000 JavaThread "Reference Handler" daemon [_thread_blocked, id=1556, stack(0x0000000021160000,0x0000000021260000)]

Other Threads:
  0x000000001f5c6000 VMThread [stack: 0x0000000021060000,0x0000000021160000] [id=25900]
  0x0000000022c71800 WatcherThread [stack: 0x0000000022ff0000,0x00000000230f0000] [id=23672]

VM state:not at safepoint (normal execution)

VM Mutex/Monitor currently owned by a thread: None

heap address: 0x00000006c4400000, size: 4028 MB, Compressed Oops mode: Zero based, Oop shift amount: 3
Narrow klass base: 0x0000000000000000, Narrow klass shift: 3
Compressed class space size: 1073741824 Address: 0x00000007c0000000

Heap:
 PSYoungGen      total 138752K, used 89382K [0x000000076c180000, 0x0000000776480000, 0x00000007c0000000)
  eden space 129536K, 62% used [0x000000076c180000,0x000000077102f6f8,0x0000000774000000)
  from space 9216K, 95% used [0x0000000775b80000,0x000000077641a478,0x0000000776480000)
  to   space 12800K, 0% used [0x0000000774b80000,0x0000000774b80000,0x0000000775800000)
 ParOldGen       total 173568K, used 17268K [0x00000006c4400000, 0x00000006ced80000, 0x000000076c180000)
  object space 173568K, 9% used [0x00000006c4400000,0x00000006c54dd208,0x00000006ced80000)
 Metaspace       used 45931K, capacity 48686K, committed 48936K, reserved 1091584K
  class space    used 6311K, capacity 6857K, committed 6960K, reserved 1048576K

Card table byte_map: [0x0000000012ce0000,0x00000000134c0000] byte_map_base: 0x000000000f6be000

Marking Bits: (ParMarkBitMap*) 0x00000000671b4ce0
 Begin Bits: [0x0000000014900000, 0x00000000187f0000)
 End Bits:   [0x00000000187f0000, 0x000000001c6e0000)

Polling page: 0x0000000002e00000

CodeCache: size=245760Kb used=11949Kb max_used=12021Kb free=233810Kb
 bounds [0x0000000003920000, 0x00000000044e0000, 0x0000000012920000]
 total_blobs=5473 nmethods=4953 adapters=437
 compilation: enabled

Compilation events (10 events):
Event: 268.033 Thread 0x000000001f6f3800 nmethod 4993 0x0000000003ce4990 code [0x0000000003ce4b00, 0x0000000003ce4cc8]
Event: 268.033 Thread 0x000000001f6f3800 4995       1       java.nio.Buffer::clear (20 bytes)
Event: 268.034 Thread 0x000000001f6f3800 nmethod 4995 0x0000000003da39d0 code [0x0000000003da3b20, 0x0000000003da3c50]
Event: 268.034 Thread 0x000000001f6ef800 4996       1       java.io.BufferedWriter::ensureOpen (18 bytes)
Event: 268.034 Thread 0x000000001f6f1000 nmethod 4992 0x0000000003c61d10 code [0x0000000003c62140, 0x0000000003c633c8]
Event: 268.034 Thread 0x000000001f6f1000 4994       1       java.lang.StackTraceElement::getClassName (5 bytes)
Event: 268.034 Thread 0x000000001f6f1000 nmethod 4994 0x0000000003c67a10 code [0x0000000003c67b60, 0x0000000003c67c70]
Event: 268.034 Thread 0x000000001f6f1000 4997       1       sun.nio.cs.StreamEncoder::isOpen (5 bytes)
Event: 268.034 Thread 0x000000001f6f1000 nmethod 4997 0x0000000003e6ae50 code [0x0000000003e6afa0, 0x0000000003e6b0b0]
Event: 268.034 Thread 0x000000001f6ef800 nmethod 4996 0x0000000004072f10 code [0x0000000004073080, 0x0000000004073248]

GC Heap History (10 events):
Event: 1.871 GC heap before
{Heap before GC invocations=4 (full 1):
 PSYoungGen      total 75264K, used 64512K [0x000000076c180000, 0x0000000775480000, 0x00000007c0000000)
  eden space 64512K, 100% used [0x000000076c180000,0x0000000770080000,0x0000000770080000)
  from space 10752K, 0% used [0x0000000770b00000,0x0000000770b00000,0x0000000771580000)
  to   space 10752K, 0% used [0x0000000770080000,0x0000000770080000,0x0000000770b00000)
 ParOldGen       total 104960K, used 9883K [0x00000006c4400000, 0x00000006caa80000, 0x000000076c180000)
  object space 104960K, 9% used [0x00000006c4400000,0x00000006c4da6e00,0x00000006caa80000)
 Metaspace       used 23853K, capacity 25046K, committed 25264K, reserved 1071104K
  class space    used 3117K, capacity 3405K, committed 3504K, reserved 1048576K
Event: 1.873 GC heap after
Heap after GC invocations=4 (full 1):
 PSYoungGen      total 75264K, used 6521K [0x000000076c180000, 0x0000000773400000, 0x00000007c0000000)
  eden space 64512K, 0% used [0x000000076c180000,0x000000076c180000,0x0000000770080000)
  from space 10752K, 60% used [0x0000000770080000,0x00000007706de560,0x0000000770b00000)
  to   space 10752K, 0% used [0x0000000772980000,0x0000000772980000,0x0000000773400000)
 ParOldGen       total 104960K, used 9891K [0x00000006c4400000, 0x00000006caa80000, 0x000000076c180000)
  object space 104960K, 9% used [0x00000006c4400000,0x00000006c4da8e00,0x00000006caa80000)
 Metaspace       used 23853K, capacity 25046K, committed 25264K, reserved 1071104K
  class space    used 3117K, capacity 3405K, committed 3504K, reserved 1048576K
}
Event: 2.252 GC heap before
{Heap before GC invocations=5 (full 1):
 PSYoungGen      total 75264K, used 71033K [0x000000076c180000, 0x0000000773400000, 0x00000007c0000000)
  eden space 64512K, 100% used [0x000000076c180000,0x0000000770080000,0x0000000770080000)
  from space 10752K, 60% used [0x0000000770080000,0x00000007706de560,0x0000000770b00000)
  to   space 10752K, 0% used [0x0000000772980000,0x0000000772980000,0x0000000773400000)
 ParOldGen       total 104960K, used 9891K [0x00000006c4400000, 0x00000006caa80000, 0x000000076c180000)
  object space 104960K, 9% used [0x00000006c4400000,0x00000006c4da8e00,0x00000006caa80000)
 Metaspace       used 27357K, capacity 28846K, committed 29104K, reserved 1075200K
  class space    used 3642K, capacity 3941K, committed 4016K, reserved 1048576K
Event: 2.256 GC heap after
Heap after GC invocations=5 (full 1):
 PSYoungGen      total 106496K, used 8601K [0x000000076c180000, 0x0000000773400000, 0x00000007c0000000)
  eden space 95744K, 0% used [0x000000076c180000,0x000000076c180000,0x0000000771f00000)
  from space 10752K, 79% used [0x0000000772980000,0x00000007731e65b8,0x0000000773400000)
  to   space 10752K, 0% used [0x0000000771f00000,0x0000000771f00000,0x0000000772980000)
 ParOldGen       total 104960K, used 9899K [0x00000006c4400000, 0x00000006caa80000, 0x000000076c180000)
  object space 104960K, 9% used [0x00000006c4400000,0x00000006c4daae00,0x00000006caa80000)
 Metaspace       used 27357K, capacity 28846K, committed 29104K, reserved 1075200K
  class space    used 3642K, capacity 3941K, committed 4016K, reserved 1048576K
}
Event: 2.598 GC heap before
{Heap before GC invocations=6 (full 1):
 PSYoungGen      total 106496K, used 81941K [0x000000076c180000, 0x0000000773400000, 0x00000007c0000000)
  eden space 95744K, 76% used [0x000000076c180000,0x000000077091f010,0x0000000771f00000)
  from space 10752K, 79% used [0x0000000772980000,0x00000007731e65b8,0x0000000773400000)
  to   space 10752K, 0% used [0x0000000771f00000,0x0000000771f00000,0x0000000772980000)
 ParOldGen       total 104960K, used 9899K [0x00000006c4400000, 0x00000006caa80000, 0x000000076c180000)
  object space 104960K, 9% used [0x00000006c4400000,0x00000006c4daae00,0x00000006caa80000)
 Metaspace       used 33351K, capacity 35356K, committed 35496K, reserved 1079296K
  class space    used 4407K, capacity 4764K, committed 4784K, reserved 1048576K
Event: 2.603 GC heap after
Heap after GC invocations=6 (full 1):
 PSYoungGen      total 106496K, used 10734K [0x000000076c180000, 0x0000000776880000, 0x00000007c0000000)
  eden space 95744K, 0% used [0x000000076c180000,0x000000076c180000,0x0000000771f00000)
  from space 10752K, 99% used [0x0000000771f00000,0x000000077297bb28,0x0000000772980000)
  to   space 13312K, 0% used [0x0000000775b80000,0x0000000775b80000,0x0000000776880000)
 ParOldGen       total 104960K, used 11459K [0x00000006c4400000, 0x00000006caa80000, 0x000000076c180000)
  object space 104960K, 10% used [0x00000006c4400000,0x00000006c4f30e20,0x00000006caa80000)
 Metaspace       used 33351K, capacity 35356K, committed 35496K, reserved 1079296K
  class space    used 4407K, capacity 4764K, committed 4784K, reserved 1048576K
}
Event: 2.603 GC heap before
{Heap before GC invocations=7 (full 2):
 PSYoungGen      total 106496K, used 10734K [0x000000076c180000, 0x0000000776880000, 0x00000007c0000000)
  eden space 95744K, 0% used [0x000000076c180000,0x000000076c180000,0x0000000771f00000)
  from space 10752K, 99% used [0x0000000771f00000,0x000000077297bb28,0x0000000772980000)
  to   space 13312K, 0% used [0x0000000775b80000,0x0000000775b80000,0x0000000776880000)
 ParOldGen       total 104960K, used 11459K [0x00000006c4400000, 0x00000006caa80000, 0x000000076c180000)
  object space 104960K, 10% used [0x00000006c4400000,0x00000006c4f30e20,0x00000006caa80000)
 Metaspace       used 33351K, capacity 35356K, committed 35496K, reserved 1079296K
  class space    used 4407K, capacity 4764K, committed 4784K, reserved 1048576K
Event: 2.639 GC heap after
Heap after GC invocations=7 (full 2):
 PSYoungGen      total 106496K, used 0K [0x000000076c180000, 0x0000000776880000, 0x00000007c0000000)
  eden space 95744K, 0% used [0x000000076c180000,0x000000076c180000,0x0000000771f00000)
  from space 10752K, 0% used [0x0000000771f00000,0x0000000771f00000,0x0000000772980000)
  to   space 13312K, 0% used [0x0000000775b80000,0x0000000775b80000,0x0000000776880000)
 ParOldGen       total 173568K, used 17260K [0x00000006c4400000, 0x00000006ced80000, 0x000000076c180000)
  object space 173568K, 9% used [0x00000006c4400000,0x00000006c54db208,0x00000006ced80000)
 Metaspace       used 33351K, capacity 35356K, committed 35496K, reserved 1079296K
  class space    used 4407K, capacity 4764K, committed 4784K, reserved 1048576K
}
Event: 3.124 GC heap before
{Heap before GC invocations=8 (full 2):
 PSYoungGen      total 106496K, used 95744K [0x000000076c180000, 0x0000000776880000, 0x00000007c0000000)
  eden space 95744K, 100% used [0x000000076c180000,0x0000000771f00000,0x0000000771f00000)
  from space 10752K, 0% used [0x0000000771f00000,0x0000000771f00000,0x0000000772980000)
  to   space 13312K, 0% used [0x0000000775b80000,0x0000000775b80000,0x0000000776880000)
 ParOldGen       total 173568K, used 17260K [0x00000006c4400000, 0x00000006ced80000, 0x000000076c180000)
  object space 173568K, 9% used [0x00000006c4400000,0x00000006c54db208,0x00000006ced80000)
 Metaspace       used 40709K, capacity 43084K, committed 43304K, reserved 1087488K
  class space    used 5362K, capacity 5816K, committed 5936K, reserved 1048576K
Event: 3.129 GC heap after
Heap after GC invocations=8 (full 2):
 PSYoungGen      total 138752K, used 8809K [0x000000076c180000, 0x0000000776480000, 0x00000007c0000000)
  eden space 129536K, 0% used [0x000000076c180000,0x000000076c180000,0x0000000774000000)
  from space 9216K, 95% used [0x0000000775b80000,0x000000077641a478,0x0000000776480000)
  to   space 12800K, 0% used [0x0000000774b80000,0x0000000774b80000,0x0000000775800000)
 ParOldGen       total 173568K, used 17268K [0x00000006c4400000, 0x00000006ced80000, 0x000000076c180000)
  object space 173568K, 9% used [0x00000006c4400000,0x00000006c54dd208,0x00000006ced80000)
 Metaspace       used 40709K, capacity 43084K, committed 43304K, reserved 1087488K
  class space    used 5362K, capacity 5816K, committed 5936K, reserved 1048576K
}

Deoptimization events (0 events):
No events

Classes redefined (0 events):
No events

Internal exceptions (10 events):
Event: 3.281 Thread 0x0000000003827000 Exception <a 'java/lang/ArrayIndexOutOfBoundsException'> (0x000000076e1f4b40) thrown at [C:\re\workspace\8-2-build-windows-amd64-cygwin\jdk8u201\12322\hotspot\src\share\vm\runtime\sharedRuntime.cpp, line 605]
Event: 3.315 Thread 0x0000000003827000 Exception <a 'java/lang/ArrayIndexOutOfBoundsException'> (0x000000076e71e9e0) thrown at [C:\re\workspace\8-2-build-windows-amd64-cygwin\jdk8u201\12322\hotspot\src\share\vm\runtime\sharedRuntime.cpp, line 605]
Event: 3.315 Thread 0x0000000003827000 Exception <a 'java/lang/ArrayIndexOutOfBoundsException'> (0x000000076e729fa8) thrown at [C:\re\workspace\8-2-build-windows-amd64-cygwin\jdk8u201\12322\hotspot\src\share\vm\runtime\sharedRuntime.cpp, line 605]
Event: 3.315 Thread 0x0000000003827000 Exception <a 'java/lang/ArrayIndexOutOfBoundsException'> (0x000000076e72dd88) thrown at [C:\re\workspace\8-2-build-windows-amd64-cygwin\jdk8u201\12322\hotspot\src\share\vm\runtime\sharedRuntime.cpp, line 605]
Event: 3.315 Thread 0x0000000003827000 Exception <a 'java/lang/ArrayIndexOutOfBoundsException'> (0x000000076e7300a0) thrown at [C:\re\workspace\8-2-build-windows-amd64-cygwin\jdk8u201\12322\hotspot\src\share\vm\runtime\sharedRuntime.cpp, line 605]
Event: 3.315 Thread 0x0000000003827000 Exception <a 'java/lang/ArrayIndexOutOfBoundsException'> (0x000000076e732500) thrown at [C:\re\workspace\8-2-build-windows-amd64-cygwin\jdk8u201\12322\hotspot\src\share\vm\runtime\sharedRuntime.cpp, line 605]
Event: 3.315 Thread 0x0000000003827000 Exception <a 'java/lang/ArrayIndexOutOfBoundsException'> (0x000000076e733dc8) thrown at [C:\re\workspace\8-2-build-windows-amd64-cygwin\jdk8u201\12322\hotspot\src\share\vm\runtime\sharedRuntime.cpp, line 605]
Event: 3.322 Thread 0x0000000003827000 Exception <a 'java/lang/ArrayIndexOutOfBoundsException'> (0x000000076e915070) thrown at [C:\re\workspace\8-2-build-windows-amd64-cygwin\jdk8u201\12322\hotspot\src\share\vm\runtime\sharedRuntime.cpp, line 605]
Event: 3.323 Thread 0x0000000003827000 Exception <a 'java/lang/ArrayIndexOutOfBoundsException'> (0x000000076e9273f0) thrown at [C:\re\workspace\8-2-build-windows-amd64-cygwin\jdk8u201\12322\hotspot\src\share\vm\runtime\sharedRuntime.cpp, line 605]
Event: 268.032 Thread 0x000000001f6f2800 Exception <a 'java/lang/InterruptedException': sleep interrupted> (0x000000077063fd00) thrown at [C:\re\workspace\8-2-build-windows-amd64-cygwin\jdk8u201\12322\hotspot\src\share\vm\prims\jvm.cpp, line 3340]

Events (10 events):
Event: 268.032 Thread 0x0000000026429800 Thread exited: 0x0000000026429800
Event: 268.032 Thread 0x000000002642b000 Thread exited: 0x000000002642b000
Event: 268.032 Thread 0x0000000026425000 Thread exited: 0x0000000026425000
Event: 268.032 Thread 0x0000000026426800 Thread exited: 0x0000000026426800
Event: 268.032 Thread 0x000000001f6ed800 Thread exited: 0x000000001f6ed800
Event: 268.032 Thread 0x0000000026425800 Thread exited: 0x0000000026425800
Event: 268.032 Thread 0x0000000026428800 Thread exited: 0x0000000026428800
Event: 268.032 loading class java/lang/Throwable$WrappedPrintStream
Event: 268.032 Thread 0x0000000026427000 Thread exited: 0x0000000026427000
Event: 268.032 loading class java/lang/Throwable$WrappedPrintStream done


Dynamic libraries:
0x00007ff6fab30000 - 0x00007ff6fab67000 	D:\soft\jdk\bin\java.exe
0x00007ff82d1f0000 - 0x00007ff82d404000 	C:\Windows\SYSTEM32\ntdll.dll
0x00007ff82b490000 - 0x00007ff82b554000 	C:\Windows\System32\KERNEL32.DLL
0x00007ff82ac00000 - 0x00007ff82afa4000 	C:\Windows\System32\KERNELBASE.dll
0x00007ff823840000 - 0x00007ff8238d7000 	C:\Windows\SYSTEM32\apphelp.dll
0x00007ff8220b0000 - 0x00007ff822114000 	C:\Windows\SYSTEM32\AcGenral.DLL
0x00007ff82be80000 - 0x00007ff82bf27000 	C:\Windows\System32\msvcrt.dll
0x00007ff82c120000 - 0x00007ff82c1c6000 	C:\Windows\System32\sechost.dll
0x00007ff82b430000 - 0x00007ff82b48e000 	C:\Windows\System32\SHLWAPI.dll
0x00007ff82cfb0000 - 0x00007ff82d15a000 	C:\Windows\System32\USER32.dll
0x00007ff82a8d0000 - 0x00007ff82a8f6000 	C:\Windows\System32\win32u.dll
0x00007ff82ce30000 - 0x00007ff82ce59000 	C:\Windows\System32\GDI32.dll
0x00007ff82a5d0000 - 0x00007ff82a6e9000 	C:\Windows\System32\gdi32full.dll
0x00007ff82aaa0000 - 0x00007ff82ab3a000 	C:\Windows\System32\msvcp_win.dll
0x00007ff82a900000 - 0x00007ff82aa11000 	C:\Windows\System32\ucrtbase.dll
0x00007ff82afb0000 - 0x00007ff82b14c000 	C:\Windows\System32\ole32.dll
0x00007ff82baf0000 - 0x00007ff82be7a000 	C:\Windows\System32\combase.dll
0x00007ff82cca0000 - 0x00007ff82cdb7000 	C:\Windows\System32\RPCRT4.dll
0x00007ff82bfe0000 - 0x00007ff82c090000 	C:\Windows\System32\advapi32.dll
0x00007ff82cb40000 - 0x00007ff82cc33000 	C:\Windows\System32\shcore.dll
0x00007ff82c1d0000 - 0x00007ff82c9e6000 	C:\Windows\System32\SHELL32.dll
0x00007ff829c70000 - 0x00007ff829c9c000 	C:\Windows\SYSTEM32\USERENV.dll
0x00007ff817100000 - 0x00007ff81711e000 	C:\Windows\SYSTEM32\MPR.dll
0x00007ff829960000 - 0x00007ff8299a2000 	C:\Windows\SYSTEM32\SspiCli.dll
0x00007ff82ce90000 - 0x00007ff82cec1000 	C:\Windows\System32\IMM32.DLL
0x00007ff808090000 - 0x00007ff80831f000 	C:\Windows\WinSxS\amd64_microsoft.windows.common-controls_6595b64144ccf1df_6.0.22621.2070_none_2713e6537381f706\COMCTL32.dll
0x0000000067240000 - 0x0000000067311000 	D:\soft\jdk\jre\bin\msvcr100.dll
0x0000000066990000 - 0x0000000067234000 	D:\soft\jdk\jre\bin\server\jvm.dll
0x00007ff82ce60000 - 0x00007ff82ce68000 	C:\Windows\System32\PSAPI.DLL
0x00007ffff2e40000 - 0x00007ffff2e49000 	C:\Windows\SYSTEM32\WSOCK32.dll
0x00007ff82b3b0000 - 0x00007ff82b421000 	C:\Windows\System32\WS2_32.dll
0x00007ff81b1d0000 - 0x00007ff81b1da000 	C:\Windows\SYSTEM32\VERSION.dll
0x00007ff81fa10000 - 0x00007ff81fa44000 	C:\Windows\SYSTEM32\WINMM.dll
0x00007ff8220a0000 - 0x00007ff8220af000 	D:\soft\jdk\jre\bin\verify.dll
0x00007ff822060000 - 0x00007ff822089000 	D:\soft\jdk\jre\bin\java.dll
0x00007ff81fbf0000 - 0x00007ff81fc25000 	D:\soft\jdk\jre\bin\jdwp.dll
0x00007ff822020000 - 0x00007ff822028000 	D:\soft\jdk\jre\bin\npt.dll
0x00007ff81fb60000 - 0x00007ff81fb83000 	D:\soft\jdk\jre\bin\instrument.dll
0x00007ff822000000 - 0x00007ff822016000 	D:\soft\jdk\jre\bin\zip.dll
0x00007ff8285b0000 - 0x00007ff828e9a000 	C:\Windows\SYSTEM32\windows.storage.dll
0x00007ff828470000 - 0x00007ff8285ae000 	C:\Windows\SYSTEM32\wintypes.dll
0x00007ff82a500000 - 0x00007ff82a526000 	C:\Windows\SYSTEM32\profapi.dll
0x00007ff821ff0000 - 0x00007ff821ff9000 	D:\soft\jdk\jre\bin\dt_socket.dll
0x00007ff829b80000 - 0x00007ff829be9000 	C:\Windows\system32\mswsock.dll
0x00007ff820e00000 - 0x00007ff820e1a000 	D:\soft\jdk\jre\bin\net.dll
0x00007ff819ee0000 - 0x00007ff81a0d0000 	C:\Windows\SYSTEM32\urlmon.dll
0x00007ff8290f0000 - 0x00007ff8290fc000 	C:\Windows\SYSTEM32\netutils.dll
0x00007ff819b20000 - 0x00007ff819b49000 	C:\Windows\SYSTEM32\srvcli.dll
0x00007ff819860000 - 0x00007ff819b1c000 	C:\Windows\SYSTEM32\iertutil.dll
0x00007ff8291e0000 - 0x00007ff8292d3000 	C:\Windows\SYSTEM32\DNSAPI.dll
0x00007ff8291b0000 - 0x00007ff8291dd000 	C:\Windows\SYSTEM32\IPHLPAPI.DLL
0x00007ff82c110000 - 0x00007ff82c119000 	C:\Windows\System32\NSI.dll
0x00007ff81f960000 - 0x00007ff81f96a000 	C:\Windows\System32\rasadhlp.dll
0x00007ff81f6c0000 - 0x00007ff81f744000 	C:\Windows\System32\fwpuclnt.dll
0x00007ff820dc0000 - 0x00007ff820dcd000 	D:\soft\jdk\jre\bin\management.dll
0x00007ff820de0000 - 0x00007ff820df1000 	D:\soft\jdk\jre\bin\nio.dll
0x00007ff829dd0000 - 0x00007ff829deb000 	C:\Windows\SYSTEM32\CRYPTSP.dll
0x00007ff829670000 - 0x00007ff8296a5000 	C:\Windows\system32\rsaenh.dll
0x00007ff829f90000 - 0x00007ff829fb8000 	C:\Windows\SYSTEM32\bcrypt.dll
0x00007ff82aa20000 - 0x00007ff82aa9a000 	C:\Windows\System32\bcryptprimitives.dll
0x00007ff829df0000 - 0x00007ff829dfc000 	C:\Windows\SYSTEM32\CRYPTBASE.dll
0x00007ff820060000 - 0x00007ff820079000 	C:\Windows\SYSTEM32\dhcpcsvc6.DLL
0x00007ff820000000 - 0x00007ff82001f000 	C:\Windows\SYSTEM32\dhcpcsvc.DLL
0x00007fffe6040000 - 0x00007fffe6057000 	C:\Windows\system32\napinsp.dll
0x00007fffe6ca0000 - 0x00007fffe6cbb000 	C:\Windows\system32\pnrpnsp.dll
0x00007fffe1c60000 - 0x00007fffe1c71000 	C:\Windows\System32\winrnr.dll
0x00007ff81fe80000 - 0x00007ff81fe95000 	C:\Windows\system32\wshbth.dll
0x00007fffe1c30000 - 0x00007fffe1c51000 	C:\Windows\system32\nlansp_c.dll
0x00007ff81fb10000 - 0x00007ff81fb34000 	D:\soft\jdk\jre\bin\sunec.dll
0x00007ff81fbe0000 - 0x00007ff81fbeb000 	D:\soft\jdk\jre\bin\sunmscapi.dll
0x00007ff82a6f0000 - 0x00007ff82a857000 	C:\Windows\System32\CRYPT32.dll
0x00007ff802340000 - 0x00007ff80263e000 	C:\Users\m1771\IdeaProjects\test\src\sdk\库文件\HCNetSDK.dll
0x0000000028e20000 - 0x00000000298c0000 	C:\Users\m1771\IdeaProjects\test\src\sdk\库文件\HCCore.dll
0x00000000298c0000 - 0x0000000029f22000 	C:\Users\m1771\IdeaProjects\test\src\sdk\库文件\PlayCtrl.dll
0x00007ff81fad0000 - 0x00007ff81fb04000 	C:\Users\m1771\IdeaProjects\test\src\sdk\库文件\AudioRender.dll
0x00007ff805620000 - 0x00007ff8056c2000 	C:\Windows\SYSTEM32\DSOUND.dll
0x00007ff8294d0000 - 0x00007ff82951d000 	C:\Windows\SYSTEM32\powrprof.dll
0x00007ff805560000 - 0x00007ff805611000 	C:\Windows\SYSTEM32\ResampleDmo.DLL
0x00007ff82ced0000 - 0x00007ff82cfa7000 	C:\Windows\System32\OLEAUT32.dll
0x00007ff8175d0000 - 0x00007ff8175f9000 	C:\Windows\SYSTEM32\winmmbase.dll
0x00007ffff2910000 - 0x00007ffff291b000 	C:\Windows\SYSTEM32\msdmo.dll
0x00007ff8294a0000 - 0x00007ff8294b3000 	C:\Windows\SYSTEM32\UMPDC.dll
0x00007fffef3c0000 - 0x00007fffef69f000 	C:\Users\m1771\IdeaProjects\test\src\sdk\库文件\libcrypto-1_1-x64.dll
0x00007ff802260000 - 0x00007ff802332000 	C:\Users\m1771\IdeaProjects\test\src\sdk\库文件\libssl-1_1-x64.dll
0x00007fffe2240000 - 0x00007fffe250a000 	C:\Users\m1771\IdeaProjects\test\src\sdk\库文件\HCNetSDKCom\HCPreview.dll
0x000000002f490000 - 0x000000002f7a4000 	C:\Users\m1771\IdeaProjects\test\src\sdk\库文件\HCNetSDKCom\HCCoreDevCfg.dll
0x000000002f9d0000 - 0x000000002fb71000 	C:\Users\m1771\IdeaProjects\test\src\sdk\库文件\SuperRender.dll
0x00007ffff33f0000 - 0x00007ffff34ee000 	C:\Windows\SYSTEM32\DDRAW.dll
0x00007ff8246f0000 - 0x00007ff8247e8000 	C:\Windows\SYSTEM32\dxgi.dll
0x00007ff81fbd0000 - 0x00007ff81fbd9000 	C:\Windows\SYSTEM32\DCIMAN32.dll
0x00007ff827a00000 - 0x00007ff827a38000 	C:\Windows\SYSTEM32\dxcore.dll
0x00007ff81d2e0000 - 0x00007ff81d32a000 	C:\Windows\SYSTEM32\directxdatabasehelper.dll
0x00007ff8296b0000 - 0x00007ff8296c8000 	C:\Windows\SYSTEM32\kernel.appcore.dll
0x00007ff818670000 - 0x00007ff819856000 	C:\Windows\System32\DriverStore\FileRepository\iigd_dch.inf_amd64_9596b1d794ff970f\igd10um64xe.DLL
0x00007ff82a2e0000 - 0x00007ff82a30c000 	C:\Windows\SYSTEM32\DEVOBJ.dll
0x00007ff82a290000 - 0x00007ff82a2de000 	C:\Windows\SYSTEM32\cfgmgr32.dll
0x00007ff82a860000 - 0x00007ff82a8cb000 	C:\Windows\System32\WINTRUST.dll
0x00007ff829e30000 - 0x00007ff829e42000 	C:\Windows\SYSTEM32\MSASN1.dll
0x00007ff824580000 - 0x00007ff82462b000 	C:\Windows\system32\uxtheme.dll
0x00007ff82b560000 - 0x00007ff82b9d4000 	C:\Windows\System32\SETUPAPI.dll
0x00007ff80de00000 - 0x00007ff8122ea000 	C:\Windows\System32\DriverStore\FileRepository\iigd_dch.inf_amd64_9596b1d794ff970f\igc64.dll
0x00007fffd2560000 - 0x00007fffd786d000 	C:\Windows\System32\DriverStore\FileRepository\iigd_dch.inf_amd64_9596b1d794ff970f\igd12dxva64.dll
0x00007fffe1ff0000 - 0x00007fffe2234000 	C:\Users\m1771\IdeaProjects\test\src\sdk\库文件\HXVA.dll
0x00007ff822140000 - 0x00007ff822397000 	C:\Windows\SYSTEM32\d3d11.dll
0x00007fffdc060000 - 0x00007fffdc209000 	C:\Windows\SYSTEM32\d3d9.dll
0x00007fffa92b0000 - 0x00007fffa92d5000 	C:\Windows\SYSTEM32\dxva2.dll
0x00007ff824800000 - 0x00007ff82482b000 	C:\Windows\SYSTEM32\dwmapi.dll
0x00007ff817c80000 - 0x00007ff817cba000 	C:\Windows\SYSTEM32\ControlLib.dll
0x00007ff82bf30000 - 0x00007ff82bfe0000 	C:\Windows\System32\clbcatq.dll
0x00007ff81a530000 - 0x00007ff81a54d000 	C:\Windows\SYSTEM32\amsi.dll
0x00007ff81a0d0000 - 0x00007ff81a14c000 	C:\ProgramData\Microsoft\Windows Defender\Platform\4.18.23070.1004-0\MpOav.dll
0x00007ff827b30000 - 0x00007ff827d5e000 	C:\Windows\SYSTEM32\dbghelp.dll

VM Arguments:
jvm_args: -agentlib:jdwp=transport=dt_socket,address=127.0.0.1:62743,suspend=y,server=n -XX:TieredStopAtLevel=1 -Xverify:none -Dspring.output.ansi.enabled=always -Dcom.sun.management.jmxremote -Dspring.jmx.enabled=true -Dspring.liveBeansView.mbeanDomain -Dspring.application.admin.enabled=true -javaagent:C:\Users\m1771\AppData\Local\JetBrains\IntelliJIdea2022.2\captureAgent\debugger-agent.jar -Dfile.encoding=UTF-8 
java_command: com.deyi.daxie.cloud.service.DaxieCloudServiceApplication
java_class_path (initial): D:\soft\jdk\jre\lib\charsets.jar;D:\soft\jdk\jre\lib\deploy.jar;D:\soft\jdk\jre\lib\ext\access-bridge-64.jar;D:\soft\jdk\jre\lib\ext\cldrdata.jar;D:\soft\jdk\jre\lib\ext\dnsns.jar;D:\soft\jdk\jre\lib\ext\jaccess.jar;D:\soft\jdk\jre\lib\ext\jfxrt.jar;D:\soft\jdk\jre\lib\ext\localedata.jar;D:\soft\jdk\jre\lib\ext\nashorn.jar;D:\soft\jdk\jre\lib\ext\sunec.jar;D:\soft\jdk\jre\lib\ext\sunjce_provider.jar;D:\soft\jdk\jre\lib\ext\sunmscapi.jar;D:\soft\jdk\jre\lib\ext\sunpkcs11.jar;D:\soft\jdk\jre\lib\ext\zipfs.jar;D:\soft\jdk\jre\lib\javaws.jar;D:\soft\jdk\jre\lib\jce.jar;D:\soft\jdk\jre\lib\jfr.jar;D:\soft\jdk\jre\lib\jfxswt.jar;D:\soft\jdk\jre\lib\jsse.jar;D:\soft\jdk\jre\lib\management-agent.jar;D:\soft\jdk\jre\lib\plugin.jar;D:\soft\jdk\jre\lib\resources.jar;D:\soft\jdk\jre\lib\rt.jar;D:\workspace\daxie-cloud-service\target\classes;D:\maven\MavenRepository\org\springframework\boot\spring-boot-starter\2.4.9\spring-boot-starter-2.4.9.jar;D:\maven\MavenRepository\org\springframework\boot\spring-boot\2.4.9\spring-boot-2.4.9.jar;D:\maven\MavenRepository\org\springframework\spring-context\5.3.9\spring-context-5.3.9.jar;D:\maven\MavenRepository\org\springframework\spring-expression\5.3.9\spring-expression-5.3.9.jar;D:\maven\MavenRepository\org\springframework\boot\spring-boot-autoconfigure\2.4.9\spring-boot-autoconfigure-2.4.9.jar;D:\maven\MavenRepository\org\springframework\boot\spring-boot-starter-logging\2.4.9\spring-boot-starter-logging-2.4.9.jar;D:\maven\MavenRepository\ch\qos\logback\logback-classic\1.2.4\logback-classic-1.2.4.jar;D:\maven\MavenRepository\ch\qos\logback\logback-core\1.2.4\logback-core-1.2.4.jar;D:\maven\MavenRepository\org\apache\logging\log4j\log4j-to-slf4j\2.13.3\log4j-to-slf4j-2.13.3.jar;D:\maven\MavenRepository\org\apache\logging\log4j\log4j-api\2.13.3\log4j-api-2.13.3.jar;D:\maven\MavenRepository\org\slf4j\jul-to-slf4j\1.7.32\jul-to-slf4j-1.7.32.jar;D:\maven\MavenRepository\jakarta\annotation\jakarta.annotation-api\1.3.
Launcher Type: SUN_STANDARD

Environment Variables:
JAVA_HOME=D:\soft\jdk
PATH=C:\Program Files (x86)\Common Files\Oracle\Java\javapath;C:\Windows\system32;C:\Windows;C:\Windows\System32\Wbem;C:\Windows\System32\WindowsPowerShell\v1.0\;C:\Windows\System32\OpenSSH\;D:\soft\svn\bin;D:\soft\git\cmd;D:\soft\jdk\bin;D:\soft\nvm\v14.21.0;D:\soft\nvm;D:\soft\nvm;C:\Users\m1771\AppData\Local\Microsoft\WindowsApps;D:\soft\Microsoft VS Code\Microsoft VS Code\bin;D:\g++\x86_64-8.1.0-release-posix-seh-rt_v6-rev0\mingw64\bin;D:\soft\nvm\v14.21.0;D:\soft\nvm;D:\soft\nvm;
USERNAME=m1771
OS=Windows_NT
PROCESSOR_IDENTIFIER=Intel64 Family 6 Model 154 Stepping 3, GenuineIntel



---------------  S Y S T E M  ---------------

OS: Windows 10.0 , 64 bit Build 22621 (10.0.22621.2070)

CPU:total 20 (initial active 20) (10 cores per cpu, 2 threads per core) family 6 model 154 stepping 3, cmov, cx8, fxsr, mmx, sse, sse2, sse3, ssse3, sse4.1, sse4.2, popcnt, avx, avx2, aes, clmul, erms, 3dnowpref, lzcnt, ht, tsc, tscinvbit, bmi1, bmi2, adx

Memory: 4k page, physical 16495096k(3616252k free), swap 28553720k(9164496k free)

vm_info: Java HotSpot(TM) 64-Bit Server VM (25.201-b09) for windows-amd64 JRE (1.8.0_201-b09), built on Dec 15 2018 18:36:39 by "java_re" with MS VC++ 10.0 (VS2010)

time: Wed Aug 23 16:41:08 2023
timezone: 中国标准时间
elapsed time: 268 seconds (0d 0h 4m 28s)

