#
# A fatal error has been detected by the Java Runtime Environment:
#
#  EXCEPTION_ACCESS_VIOLATION (0xc0000005) at pc=0x0000000180002710, pid=21880, tid=0x0000000000006714
#
# JRE version: Java(TM) SE Runtime Environment (8.0_201-b09) (build 1.8.0_201-b09)
# Java VM: Java HotSpot(TM) 64-Bit Server VM (25.201-b09 mixed mode windows-amd64 compressed oops)
# Problematic frame:
# C  0x0000000180002710
#
# Failed to write core dump. Minidumps are not enabled by default on client versions of Windows
#
# If you would like to submit a bug report, please visit:
#   http://bugreport.java.com/bugreport/crash.jsp
# The crash happened outside the Java Virtual Machine in native code.
# See problematic frame for where to report the bug.
#

---------------  T H R E A D  ---------------

Current thread (0x0000000023782000):  JavaThread "http-nio-4098-exec-6" daemon [_thread_in_native, id=26388, stack(0x00000000276f0000,0x00000000277f0000)]

siginfo: ExceptionCode=0xc0000005, ExceptionInformation=0x0000000000000008 0x0000000180002710

Registers:
RAX=0x0000000180002710, RBX=0x0000000027d3f0d8, RCX=0x00000000237821f8, RDX=0x00000000277ecb78
RSP=0x00000000277ecae8, RBP=0x00000000277ecb68, RSI=0x0000000000200021, RDI=0x0000000000000002
R8 =0x00007ff802200000, R9 =0x00000000277ecb88, R10=0x00000000033e8c3b, R11=0x0000000066bbcd40
R12=0x0000000000000000, R13=0x0000000027d3f0d8, R14=0x00000000277ecb98, R15=0x0000000023782000
RIP=0x0000000180002710, EFLAGS=0x0000000000010202

Top of Stack: (sp=0x00000000277ecae8)
0x00000000277ecae8:   00000000033e8c67 00000000277ecc30
0x00000000277ecaf8:   0000000025f3e3a8 00000007c0645f70
0x00000000277ecb08:   00000007c057ec00 0000000023782000
0x00000000277ecb18:   0000000003334e00 000000076d9a4d58
0x00000000277ecb28:   00000000277ecb28 0000000000000000
0x00000000277ecb38:   00000000277ecb98 0000000027d3f4a0
0x00000000277ecb48:   0000000000000000 0000000027d3f0d8
0x00000000277ecb58:   0000000000000000 00000000277ecb88
0x00000000277ecb68:   00000000277ecbe0 00000000033d7e70
0x00000000277ecb78:   000000076d51cfe0 00000000033e21d7
0x00000000277ecb88:   000000076d5e8708 00007ff802200000
0x00000000277ecb98:   00000000033d835d 00000000277ecba0
0x00000000277ecba8:   0000000027d3e330 00000000277ecbf8
0x00000000277ecbb8:   0000000027d3f4a0 0000000000000000
0x00000000277ecbc8:   0000000027d3e358 00000000277ecb88
0x00000000277ecbd8:   00000000277ecbf0 00000000277ecc48 

Instructions: (pc=0x0000000180002710)
0x00000001800026f0:   
[error occurred during error reporting (printing registers, top of stack, instructions near pc), id 0xc0000005]

Register to memory mapping:

RAX=0x0000000180002710 is an unknown value
RBX={method} {0x0000000027d3f0e0} 'findSymbol' '(JLjava/lang/String;)J' in 'com/sun/jna/NativeLibrary'
RCX=0x00000000237821f8 is an unknown value
RDX=0x00000000277ecb78 is pointing into the stack for thread: 0x0000000023782000
RSP=0x00000000277ecae8 is pointing into the stack for thread: 0x0000000023782000
RBP=0x00000000277ecb68 is pointing into the stack for thread: 0x0000000023782000
RSI=0x0000000000200021 is an unknown value
RDI=0x0000000000000002 is an unknown value
R8 =0x00007ff802200000 is an unknown value
R9 =0x00000000277ecb88 is pointing into the stack for thread: 0x0000000023782000
R10=0x00000000033e8c3b is at code_begin+891 in an Interpreter codelet
method entry point (kind = native)  [0x00000000033e88c0, 0x00000000033e9280]  2496 bytes
R11=0x0000000066bbcd40 is an unknown value
R12=0x0000000000000000 is an unknown value
R13={method} {0x0000000027d3f0e0} 'findSymbol' '(JLjava/lang/String;)J' in 'com/sun/jna/NativeLibrary'
R14=0x00000000277ecb98 is pointing into the stack for thread: 0x0000000023782000
R15=0x0000000023782000 is a thread


Stack: [0x00000000276f0000,0x00000000277f0000],  sp=0x00000000277ecae8,  free space=1010k
Native frames: (J=compiled Java code, j=interpreted, Vv=VM code, C=native code)
C  0x0000000180002710

Java frames: (J=compiled Java code, j=interpreted, Vv=VM code)
j  com.sun.jna.NativeLibrary.findSymbol(JLjava/lang/String;)J+0
j  com.sun.jna.NativeLibrary.getSymbolAddress(Ljava/lang/String;)J+24
j  com.sun.jna.Function.<init>(Lcom/sun/jna/NativeLibrary;Ljava/lang/String;I)V+41
j  com.sun.jna.NativeLibrary.getFunction(Ljava/lang/String;I)Lcom/sun/jna/Function;+48
j  com.sun.jna.Library$Handler.invoke(Ljava/lang/Object;Ljava/lang/reflect/Method;[Ljava/lang/Object;)Ljava/lang/Object;+231
j  com.sun.proxy.$Proxy94.NET_DVR_StopRealPlay(I)Z+19
j  com.deyi.daxie.cloud.service.video.VideoDemo.realPlay(II)V+167
j  com.deyi.daxie.cloud.service.video.VideoController.videoPlay()V+346
v  ~StubRoutines::call_stub
J 1913  sun.reflect.NativeMethodAccessorImpl.invoke0(Ljava/lang/reflect/Method;Ljava/lang/Object;[Ljava/lang/Object;)Ljava/lang/Object; (0 bytes) @ 0x00000000039860bf [0x0000000003986040+0x7f]
J 1912 C1 sun.reflect.NativeMethodAccessorImpl.invoke(Ljava/lang/Object;[Ljava/lang/Object;)Ljava/lang/Object; (104 bytes) @ 0x0000000003987064 [0x0000000003986ca0+0x3c4]
J 1911 C1 sun.reflect.DelegatingMethodAccessorImpl.invoke(Ljava/lang/Object;[Ljava/lang/Object;)Ljava/lang/Object; (10 bytes) @ 0x0000000003986464 [0x0000000003986420+0x44]
J 1910 C1 java.lang.reflect.Method.invoke(Ljava/lang/Object;[Ljava/lang/Object;)Ljava/lang/Object; (62 bytes) @ 0x0000000003986864 [0x0000000003986760+0x104]
j  org.springframework.web.method.support.InvocableHandlerMethod.doInvoke([Ljava/lang/Object;)Ljava/lang/Object;+32
j  org.springframework.web.method.support.InvocableHandlerMethod.invokeForRequest(Lorg/springframework/web/context/request/NativeWebRequest;Lorg/springframework/web/method/support/ModelAndViewContainer;[Ljava/lang/Object;)Ljava/lang/Object;+54
j  org.springframework.web.servlet.mvc.method.annotation.ServletInvocableHandlerMethod.invokeAndHandle(Lorg/springframework/web/context/request/ServletWebRequest;Lorg/springframework/web/method/support/ModelAndViewContainer;[Ljava/lang/Object;)V+4
j  org.springframework.web.servlet.mvc.method.annotation.RequestMappingHandlerAdapter.invokeHandlerMethod(Ljavax/servlet/http/HttpServletRequest;Ljavax/servlet/http/HttpServletResponse;Lorg/springframework/web/method/HandlerMethod;)Lorg/springframework/web/servlet/ModelAndView;+244
j  org.springframework.web.servlet.mvc.method.annotation.RequestMappingHandlerAdapter.handleInternal(Ljavax/servlet/http/HttpServletRequest;Ljavax/servlet/http/HttpServletResponse;Lorg/springframework/web/method/HandlerMethod;)Lorg/springframework/web/servlet/ModelAndView;+81
j  org.springframework.web.servlet.mvc.method.AbstractHandlerMethodAdapter.handle(Ljavax/servlet/http/HttpServletRequest;Ljavax/servlet/http/HttpServletResponse;Ljava/lang/Object;)Lorg/springframework/web/servlet/ModelAndView;+7
j  org.springframework.web.servlet.DispatcherServlet.doDispatch(Ljavax/servlet/http/HttpServletRequest;Ljavax/servlet/http/HttpServletResponse;)V+259
j  org.springframework.web.servlet.DispatcherServlet.doService(Ljavax/servlet/http/HttpServletRequest;Ljavax/servlet/http/HttpServletResponse;)V+241
j  org.springframework.web.servlet.FrameworkServlet.processRequest(Ljavax/servlet/http/HttpServletRequest;Ljavax/servlet/http/HttpServletResponse;)V+71
j  org.springframework.web.servlet.FrameworkServlet.doPost(Ljavax/servlet/http/HttpServletRequest;Ljavax/servlet/http/HttpServletResponse;)V+3
j  javax.servlet.http.HttpServlet.service(Ljavax/servlet/http/HttpServletRequest;Ljavax/servlet/http/HttpServletResponse;)V+149
j  org.springframework.web.servlet.FrameworkServlet.service(Ljavax/servlet/http/HttpServletRequest;Ljavax/servlet/http/HttpServletResponse;)V+33
j  javax.servlet.http.HttpServlet.service(Ljavax/servlet/ServletRequest;Ljavax/servlet/ServletResponse;)V+36
j  org.apache.catalina.core.ApplicationFilterChain.internalDoFilter(Ljavax/servlet/ServletRequest;Ljavax/servlet/ServletResponse;)V+304
j  org.apache.catalina.core.ApplicationFilterChain.doFilter(Ljavax/servlet/ServletRequest;Ljavax/servlet/ServletResponse;)V+99
j  org.apache.tomcat.websocket.server.WsFilter.doFilter(Ljavax/servlet/ServletRequest;Ljavax/servlet/ServletResponse;Ljavax/servlet/FilterChain;)V+21
j  org.apache.catalina.core.ApplicationFilterChain.internalDoFilter(Ljavax/servlet/ServletRequest;Ljavax/servlet/ServletResponse;)V+135
j  org.apache.catalina.core.ApplicationFilterChain.doFilter(Ljavax/servlet/ServletRequest;Ljavax/servlet/ServletResponse;)V+99
j  org.springframework.web.filter.RequestContextFilter.doFilterInternal(Ljavax/servlet/http/HttpServletRequest;Ljavax/servlet/http/HttpServletResponse;Ljavax/servlet/FilterChain;)V+21
j  org.springframework.web.filter.OncePerRequestFilter.doFilter(Ljavax/servlet/ServletRequest;Ljavax/servlet/ServletResponse;Ljavax/servlet/FilterChain;)V+147
j  org.apache.catalina.core.ApplicationFilterChain.internalDoFilter(Ljavax/servlet/ServletRequest;Ljavax/servlet/ServletResponse;)V+135
j  org.apache.catalina.core.ApplicationFilterChain.doFilter(Ljavax/servlet/ServletRequest;Ljavax/servlet/ServletResponse;)V+99
j  org.springframework.web.filter.FormContentFilter.doFilterInternal(Ljavax/servlet/http/HttpServletRequest;Ljavax/servlet/http/HttpServletResponse;Ljavax/servlet/FilterChain;)V+38
j  org.springframework.web.filter.OncePerRequestFilter.doFilter(Ljavax/servlet/ServletRequest;Ljavax/servlet/ServletResponse;Ljavax/servlet/FilterChain;)V+147
j  org.apache.catalina.core.ApplicationFilterChain.internalDoFilter(Ljavax/servlet/ServletRequest;Ljavax/servlet/ServletResponse;)V+135
j  org.apache.catalina.core.ApplicationFilterChain.doFilter(Ljavax/servlet/ServletRequest;Ljavax/servlet/ServletResponse;)V+99
j  org.springframework.web.filter.CharacterEncodingFilter.doFilterInternal(Ljavax/servlet/http/HttpServletRequest;Ljavax/servlet/http/HttpServletResponse;Ljavax/servlet/FilterChain;)V+53
j  org.springframework.web.filter.OncePerRequestFilter.doFilter(Ljavax/servlet/ServletRequest;Ljavax/servlet/ServletResponse;Ljavax/servlet/FilterChain;)V+147
j  org.apache.catalina.core.ApplicationFilterChain.internalDoFilter(Ljavax/servlet/ServletRequest;Ljavax/servlet/ServletResponse;)V+135
j  org.apache.catalina.core.ApplicationFilterChain.doFilter(Ljavax/servlet/ServletRequest;Ljavax/servlet/ServletResponse;)V+99
j  org.apache.catalina.core.StandardWrapperValve.invoke(Lorg/apache/catalina/connector/Request;Lorg/apache/catalina/connector/Response;)V+694
j  org.apache.catalina.core.StandardContextValve.invoke(Lorg/apache/catalina/connector/Request;Lorg/apache/catalina/connector/Response;)V+169
j  org.apache.catalina.authenticator.AuthenticatorBase.invoke(Lorg/apache/catalina/connector/Request;Lorg/apache/catalina/connector/Response;)V+260
j  org.apache.catalina.core.StandardHostValve.invoke(Lorg/apache/catalina/connector/Request;Lorg/apache/catalina/connector/Response;)V+128
j  org.apache.catalina.valves.ErrorReportValve.invoke(Lorg/apache/catalina/connector/Request;Lorg/apache/catalina/connector/Response;)V+6
j  org.apache.catalina.core.StandardEngineValve.invoke(Lorg/apache/catalina/connector/Request;Lorg/apache/catalina/connector/Response;)V+59
j  org.apache.catalina.connector.CoyoteAdapter.service(Lorg/apache/coyote/Request;Lorg/apache/coyote/Response;)V+199
j  org.apache.coyote.http11.Http11Processor.service(Lorg/apache/tomcat/util/net/SocketWrapperBase;)Lorg/apache/tomcat/util/net/AbstractEndpoint$Handler$SocketState;+737
j  org.apache.coyote.AbstractProcessorLight.process(Lorg/apache/tomcat/util/net/SocketWrapperBase;Lorg/apache/tomcat/util/net/SocketEvent;)Lorg/apache/tomcat/util/net/AbstractEndpoint$Handler$SocketState;+170
j  org.apache.coyote.AbstractProtocol$ConnectionHandler.process(Lorg/apache/tomcat/util/net/SocketWrapperBase;Lorg/apache/tomcat/util/net/SocketEvent;)Lorg/apache/tomcat/util/net/AbstractEndpoint$Handler$SocketState;+505
j  org.apache.tomcat.util.net.NioEndpoint$SocketProcessor.doRun()V+216
j  org.apache.tomcat.util.net.SocketProcessorBase.run()V+21
j  java.util.concurrent.ThreadPoolExecutor.runWorker(Ljava/util/concurrent/ThreadPoolExecutor$Worker;)V+95
j  java.util.concurrent.ThreadPoolExecutor$Worker.run()V+5
j  org.apache.tomcat.util.threads.TaskThread$WrappingRunnable.run()V+4
j  java.lang.Thread.run()V+11
v  ~StubRoutines::call_stub

---------------  P R O C E S S  ---------------

Java Threads: ( => current thread )
  0x0000000025fac000 JavaThread "SpringContextShutdownHook" [_thread_blocked, id=22076, stack(0x0000000030590000,0x0000000030690000)]
  0x0000000025fa2000 JavaThread "SIGINT handler" daemon [_thread_blocked, id=6272, stack(0x0000000030190000,0x0000000030290000)]
  0x0000000025fa9000 JavaThread "logback-12" daemon [_thread_blocked, id=17732, stack(0x0000000030090000,0x0000000030190000)]
  0x0000000025fa1800 JavaThread "logback-11" daemon [_thread_blocked, id=22104, stack(0x00000000280f0000,0x00000000281f0000)]
  0x0000000025fa7800 JavaThread "RMI TCP Connection(idle)" daemon [_thread_blocked, id=21952, stack(0x0000000027ff0000,0x00000000280f0000)]
  0x0000000025fa8000 JavaThread "DestroyJavaVM" [_thread_blocked, id=17484, stack(0x0000000002fb0000,0x00000000030b0000)]
  0x0000000025fa5000 JavaThread "http-nio-4098-Poller" daemon [_thread_in_native, id=2368, stack(0x0000000027df0000,0x0000000027ef0000)]
  0x0000000025fa4800 JavaThread "http-nio-4098-exec-10" daemon [_thread_blocked, id=2628, stack(0x0000000027af0000,0x0000000027bf0000)]
  0x0000000025fa3800 JavaThread "http-nio-4098-exec-9" daemon [_thread_blocked, id=4776, stack(0x00000000279f0000,0x0000000027af0000)]
  0x0000000025fa6000 JavaThread "http-nio-4098-exec-8" daemon [_thread_blocked, id=26336, stack(0x00000000278f0000,0x00000000279f0000)]
  0x0000000025fa3000 JavaThread "http-nio-4098-exec-7" daemon [_thread_blocked, id=25288, stack(0x00000000277f0000,0x00000000278f0000)]
=>0x0000000023782000 JavaThread "http-nio-4098-exec-6" daemon [_thread_in_native, id=26388, stack(0x00000000276f0000,0x00000000277f0000)]
  0x0000000023781000 JavaThread "http-nio-4098-exec-5" daemon [_thread_blocked, id=17084, stack(0x00000000275f0000,0x00000000276f0000)]
  0x0000000023780800 JavaThread "http-nio-4098-exec-4" daemon [_thread_blocked, id=7352, stack(0x00000000274f0000,0x00000000275f0000)]
  0x000000002377f800 JavaThread "http-nio-4098-exec-3" daemon [_thread_blocked, id=25528, stack(0x00000000273f0000,0x00000000274f0000)]
  0x000000002377f000 JavaThread "http-nio-4098-exec-2" daemon [_thread_blocked, id=14012, stack(0x00000000272f0000,0x00000000273f0000)]
  0x000000002377d800 JavaThread "http-nio-4098-exec-1" daemon [_thread_blocked, id=22024, stack(0x00000000271f0000,0x00000000272f0000)]
  0x000000002377c800 JavaThread "lettuce-timer-3-1" daemon [_thread_blocked, id=22668, stack(0x0000000026cf0000,0x0000000026df0000)]
  0x0000000023783800 JavaThread "container-0" [_thread_blocked, id=23648, stack(0x0000000025620000,0x0000000025720000)]
  0x0000000023782800 JavaThread "Catalina-utility-2" [_thread_blocked, id=12836, stack(0x0000000025520000,0x0000000025620000)]
  0x000000002377e000 JavaThread "Catalina-utility-1" [_thread_blocked, id=24300, stack(0x0000000025420000,0x0000000025520000)]
  0x000000001f16b800 JavaThread "RMI Scheduler(0)" daemon [_thread_blocked, id=22052, stack(0x0000000024b20000,0x0000000024c20000)]
  0x000000002103d000 JavaThread "RMI TCP Connection(3)-192.168.164.250" daemon [_thread_in_native, id=10204, stack(0x0000000024420000,0x0000000024520000)]
  0x00000000233dd000 JavaThread "logback-10" daemon [_thread_blocked, id=17352, stack(0x0000000023f20000,0x0000000024020000)]
  0x00000000233d9800 JavaThread "logback-9" daemon [_thread_blocked, id=20296, stack(0x0000000022e50000,0x0000000022f50000)]
  0x00000000233d1000 JavaThread "logback-8" daemon [_thread_blocked, id=25796, stack(0x0000000022d50000,0x0000000022e50000)]
  0x00000000233d0800 JavaThread "logback-7" daemon [_thread_blocked, id=10428, stack(0x0000000022c50000,0x0000000022d50000)]
  0x0000000021651000 JavaThread "logback-6" daemon [_thread_blocked, id=25320, stack(0x0000000022b50000,0x0000000022c50000)]
  0x0000000021444800 JavaThread "RMI TCP Accept-0" daemon [_thread_in_native, id=9332, stack(0x00000000226a0000,0x00000000227a0000)]
  0x000000002122a800 JavaThread "Service Thread" daemon [_thread_blocked, id=15968, stack(0x00000000225a0000,0x00000000226a0000)]
  0x000000002115a000 JavaThread "C1 CompilerThread11" daemon [_thread_blocked, id=17024, stack(0x00000000223a0000,0x00000000224a0000)]
  0x0000000021141800 JavaThread "C1 CompilerThread10" daemon [_thread_blocked, id=7136, stack(0x00000000222a0000,0x00000000223a0000)]
  0x0000000021136800 JavaThread "C1 CompilerThread9" daemon [_thread_blocked, id=24380, stack(0x00000000221a0000,0x00000000222a0000)]
  0x0000000021134000 JavaThread "C1 CompilerThread8" daemon [_thread_blocked, id=14576, stack(0x00000000220a0000,0x00000000221a0000)]
  0x0000000021133000 JavaThread "C2 CompilerThread7" daemon [_thread_blocked, id=8448, stack(0x0000000021fa0000,0x00000000220a0000)]
  0x0000000021122800 JavaThread "C2 CompilerThread6" daemon [_thread_blocked, id=24764, stack(0x0000000021ea0000,0x0000000021fa0000)]
  0x0000000021120800 JavaThread "C2 CompilerThread5" daemon [_thread_blocked, id=10656, stack(0x0000000021da0000,0x0000000021ea0000)]
  0x000000002111e000 JavaThread "C2 CompilerThread4" daemon [_thread_blocked, id=11576, stack(0x0000000021ca0000,0x0000000021da0000)]
  0x0000000021115000 JavaThread "C2 CompilerThread3" daemon [_thread_blocked, id=20784, stack(0x0000000021ba0000,0x0000000021ca0000)]
  0x0000000021114800 JavaThread "C2 CompilerThread2" daemon [_thread_blocked, id=25908, stack(0x0000000021aa0000,0x0000000021ba0000)]
  0x0000000021113800 JavaThread "C2 CompilerThread1" daemon [_thread_blocked, id=15752, stack(0x00000000219a0000,0x0000000021aa0000)]
  0x0000000021110000 JavaThread "C2 CompilerThread0" daemon [_thread_blocked, id=2376, stack(0x00000000218a0000,0x00000000219a0000)]
  0x000000002110c000 JavaThread "Monitor Ctrl-Break" daemon [_thread_in_native, id=11336, stack(0x00000000217a0000,0x00000000218a0000)]
  0x000000001f042000 JavaThread "Attach Listener" daemon [_thread_blocked, id=6704, stack(0x0000000020ea0000,0x0000000020fa0000)]
  0x000000001f09a800 JavaThread "Signal Dispatcher" daemon [_thread_blocked, id=16064, stack(0x0000000020da0000,0x0000000020ea0000)]
  0x000000001d36c000 JavaThread "Finalizer" daemon [_thread_blocked, id=9660, stack(0x0000000020ca0000,0x0000000020da0000)]
  0x000000001f018000 JavaThread "Reference Handler" daemon [_thread_blocked, id=22344, stack(0x0000000020ba0000,0x0000000020ca0000)]

Other Threads:
  0x000000001eff5800 VMThread [stack: 0x0000000020aa0000,0x0000000020ba0000] [id=18640]
  0x000000002144e000 WatcherThread [stack: 0x00000000227a0000,0x00000000228a0000] [id=11272]

VM state:not at safepoint (normal execution)

VM Mutex/Monitor currently owned by a thread: None

heap address: 0x00000006c4400000, size: 4028 MB, Compressed Oops mode: Zero based, Oop shift amount: 3
Narrow klass base: 0x0000000000000000, Narrow klass shift: 3
Compressed class space size: 1073741824 Address: 0x00000007c0000000

Heap:
 PSYoungGen      total 140288K, used 51004K [0x000000076c180000, 0x0000000778000000, 0x00000007c0000000)
  eden space 127488K, 29% used [0x000000076c180000,0x000000076e6d0810,0x0000000773e00000)
  from space 12800K, 99% used [0x0000000773e00000,0x0000000774a7e860,0x0000000774a80000)
  to   space 14336K, 0% used [0x0000000777200000,0x0000000777200000,0x0000000778000000)
 ParOldGen       total 180736K, used 14861K [0x00000006c4400000, 0x00000006cf480000, 0x000000076c180000)
  object space 180736K, 8% used [0x00000006c4400000,0x00000006c5283548,0x00000006cf480000)
 Metaspace       used 45031K, capacity 47852K, committed 48128K, reserved 1091584K
  class space    used 6273K, capacity 6823K, committed 6912K, reserved 1048576K

Card table byte_map: [0x0000000012790000,0x0000000012f70000] byte_map_base: 0x000000000f16e000

Marking Bits: (ParMarkBitMap*) 0x00000000671b4ce0
 Begin Bits: [0x00000000143b0000, 0x00000000182a0000)
 End Bits:   [0x00000000182a0000, 0x000000001c190000)

Polling page: 0x0000000000da0000

CodeCache: size=245760Kb used=11442Kb max_used=11442Kb free=234317Kb
 bounds [0x00000000033d0000, 0x0000000003f00000, 0x00000000123d0000]
 total_blobs=5407 nmethods=4881 adapters=435
 compilation: enabled

Compilation events (10 events):
Event: 19.736 Thread 0x0000000021141800 nmethod 4876 0x0000000003efaf90 code [0x0000000003efb100, 0x0000000003efb278]
Event: 19.736 Thread 0x0000000021136800 nmethod 4875 0x0000000003efb350 code [0x0000000003efb4c0, 0x0000000003efb6f8]
Event: 26.810 Thread 0x0000000021136800 4877       1       java.util.logging.LogManager$LoggerContext::getRootLogger (8 bytes)
Event: 26.810 Thread 0x0000000021141800 4878       1       java.util.logging.LogManager$LoggerContext::getGlobalLogger (6 bytes)
Event: 26.810 Thread 0x0000000021141800 nmethod 4878 0x0000000003efb890 code [0x0000000003efb9e0, 0x0000000003efbaf0]
Event: 26.810 Thread 0x0000000021141800 4879       1       org.springframework.core.convert.TypeDescriptor::valueOf (42 bytes)
Event: 26.810 Thread 0x0000000021136800 nmethod 4877 0x0000000003efbb50 code [0x0000000003efbca0, 0x0000000003efbdb0]
Event: 26.811 Thread 0x0000000021141800 nmethod 4879 0x0000000003efbe50 code [0x0000000003efbfe0, 0x0000000003efc2f8]
Event: 26.922 Thread 0x0000000021134000 4880       1       java.util.EventObject::<init> (24 bytes)
Event: 26.922 Thread 0x0000000021134000 nmethod 4880 0x0000000003efc890 code [0x0000000003efca00, 0x0000000003efcbc8]

GC Heap History (10 events):
Event: 1.435 GC heap before
{Heap before GC invocations=5 (full 1):
 PSYoungGen      total 75264K, used 64512K [0x000000076c180000, 0x0000000775480000, 0x00000007c0000000)
  eden space 64512K, 100% used [0x000000076c180000,0x0000000770080000,0x0000000770080000)
  from space 10752K, 0% used [0x0000000770080000,0x0000000770080000,0x0000000770b00000)
  to   space 10752K, 0% used [0x0000000774a00000,0x0000000774a00000,0x0000000775480000)
 ParOldGen       total 107520K, used 7010K [0x00000006c4400000, 0x00000006cad00000, 0x000000076c180000)
  object space 107520K, 6% used [0x00000006c4400000,0x00000006c4ad8ac8,0x00000006cad00000)
 Metaspace       used 24295K, capacity 25478K, committed 25600K, reserved 1071104K
  class space    used 3236K, capacity 3489K, committed 3584K, reserved 1048576K
Event: 1.439 GC heap after
Heap after GC invocations=5 (full 1):
 PSYoungGen      total 97792K, used 6578K [0x000000076c180000, 0x0000000775080000, 0x00000007c0000000)
  eden space 91136K, 0% used [0x000000076c180000,0x000000076c180000,0x0000000771a80000)
  from space 6656K, 98% used [0x0000000774a00000,0x000000077506cbd0,0x0000000775080000)
  to   space 10752K, 0% used [0x0000000773b80000,0x0000000773b80000,0x0000000774600000)
 ParOldGen       total 107520K, used 7018K [0x00000006c4400000, 0x00000006cad00000, 0x000000076c180000)
  object space 107520K, 6% used [0x00000006c4400000,0x00000006c4adaac8,0x00000006cad00000)
 Metaspace       used 24295K, capacity 25478K, committed 25600K, reserved 1071104K
  class space    used 3236K, capacity 3489K, committed 3584K, reserved 1048576K
}
Event: 1.847 GC heap before
{Heap before GC invocations=6 (full 1):
 PSYoungGen      total 97792K, used 97714K [0x000000076c180000, 0x0000000775080000, 0x00000007c0000000)
  eden space 91136K, 100% used [0x000000076c180000,0x0000000771a80000,0x0000000771a80000)
  from space 6656K, 98% used [0x0000000774a00000,0x000000077506cbd0,0x0000000775080000)
  to   space 10752K, 0% used [0x0000000773b80000,0x0000000773b80000,0x0000000774600000)
 ParOldGen       total 107520K, used 7018K [0x00000006c4400000, 0x00000006cad00000, 0x000000076c180000)
  object space 107520K, 6% used [0x00000006c4400000,0x00000006c4adaac8,0x00000006cad00000)
 Metaspace       used 30172K, capacity 32138K, committed 32384K, reserved 1077248K
  class space    used 4060K, capacity 4415K, committed 4480K, reserved 1048576K
Event: 1.854 GC heap after
Heap after GC invocations=6 (full 1):
 PSYoungGen      total 135680K, used 10751K [0x000000076c180000, 0x0000000775780000, 0x00000007c0000000)
  eden space 124928K, 0% used [0x000000076c180000,0x000000076c180000,0x0000000773b80000)
  from space 10752K, 99% used [0x0000000773b80000,0x00000007745fff80,0x0000000774600000)
  to   space 13312K, 0% used [0x0000000774a80000,0x0000000774a80000,0x0000000775780000)
 ParOldGen       total 107520K, used 7077K [0x00000006c4400000, 0x00000006cad00000, 0x000000076c180000)
  object space 107520K, 6% used [0x00000006c4400000,0x00000006c4ae9628,0x00000006cad00000)
 Metaspace       used 30172K, capacity 32138K, committed 32384K, reserved 1077248K
  class space    used 4060K, capacity 4415K, committed 4480K, reserved 1048576K
}
Event: 1.960 GC heap before
{Heap before GC invocations=7 (full 1):
 PSYoungGen      total 135680K, used 37172K [0x000000076c180000, 0x0000000775780000, 0x00000007c0000000)
  eden space 124928K, 21% used [0x000000076c180000,0x000000076db4d088,0x0000000773b80000)
  from space 10752K, 99% used [0x0000000773b80000,0x00000007745fff80,0x0000000774600000)
  to   space 13312K, 0% used [0x0000000774a80000,0x0000000774a80000,0x0000000775780000)
 ParOldGen       total 107520K, used 7077K [0x00000006c4400000, 0x00000006cad00000, 0x000000076c180000)
  object space 107520K, 6% used [0x00000006c4400000,0x00000006c4ae9628,0x00000006cad00000)
 Metaspace       used 33501K, capacity 35492K, committed 35496K, reserved 1079296K
  class space    used 4508K, capacity 4860K, committed 4864K, reserved 1048576K
Event: 1.965 GC heap after
Heap after GC invocations=7 (full 1):
 PSYoungGen      total 140800K, used 8403K [0x000000076c180000, 0x0000000778b80000, 0x00000007c0000000)
  eden space 127488K, 0% used [0x000000076c180000,0x000000076c180000,0x0000000773e00000)
  from space 13312K, 63% used [0x0000000774a80000,0x00000007752b4fd0,0x0000000775780000)
  to   space 12800K, 0% used [0x0000000773e00000,0x0000000773e00000,0x0000000774a80000)
 ParOldGen       total 107520K, used 7085K [0x00000006c4400000, 0x00000006cad00000, 0x000000076c180000)
  object space 107520K, 6% used [0x00000006c4400000,0x00000006c4aeb628,0x00000006cad00000)
 Metaspace       used 33501K, capacity 35492K, committed 35496K, reserved 1079296K
  class space    used 4508K, capacity 4860K, committed 4864K, reserved 1048576K
}
Event: 1.965 GC heap before
{Heap before GC invocations=8 (full 2):
 PSYoungGen      total 140800K, used 8403K [0x000000076c180000, 0x0000000778b80000, 0x00000007c0000000)
  eden space 127488K, 0% used [0x000000076c180000,0x000000076c180000,0x0000000773e00000)
  from space 13312K, 63% used [0x0000000774a80000,0x00000007752b4fd0,0x0000000775780000)
  to   space 12800K, 0% used [0x0000000773e00000,0x0000000773e00000,0x0000000774a80000)
 ParOldGen       total 107520K, used 7085K [0x00000006c4400000, 0x00000006cad00000, 0x000000076c180000)
  object space 107520K, 6% used [0x00000006c4400000,0x00000006c4aeb628,0x00000006cad00000)
 Metaspace       used 33501K, capacity 35492K, committed 35496K, reserved 1079296K
  class space    used 4508K, capacity 4860K, committed 4864K, reserved 1048576K
Event: 2.024 GC heap after
Heap after GC invocations=8 (full 2):
 PSYoungGen      total 140800K, used 0K [0x000000076c180000, 0x0000000778b80000, 0x00000007c0000000)
  eden space 127488K, 0% used [0x000000076c180000,0x000000076c180000,0x0000000773e00000)
  from space 13312K, 0% used [0x0000000774a80000,0x0000000774a80000,0x0000000775780000)
  to   space 12800K, 0% used [0x0000000773e00000,0x0000000773e00000,0x0000000774a80000)
 ParOldGen       total 180736K, used 14631K [0x00000006c4400000, 0x00000006cf480000, 0x000000076c180000)
  object space 180736K, 8% used [0x00000006c4400000,0x00000006c5249d88,0x00000006cf480000)
 Metaspace       used 33501K, capacity 35492K, committed 35496K, reserved 1079296K
  class space    used 4508K, capacity 4860K, committed 4864K, reserved 1048576K
}
Event: 2.696 GC heap before
{Heap before GC invocations=9 (full 2):
 PSYoungGen      total 140800K, used 127488K [0x000000076c180000, 0x0000000778b80000, 0x00000007c0000000)
  eden space 127488K, 100% used [0x000000076c180000,0x0000000773e00000,0x0000000773e00000)
  from space 13312K, 0% used [0x0000000774a80000,0x0000000774a80000,0x0000000775780000)
  to   space 12800K, 0% used [0x0000000773e00000,0x0000000773e00000,0x0000000774a80000)
 ParOldGen       total 180736K, used 14631K [0x00000006c4400000, 0x00000006cf480000, 0x000000076c180000)
  object space 180736K, 8% used [0x00000006c4400000,0x00000006c5249d88,0x00000006cf480000)
 Metaspace       used 42091K, capacity 44688K, committed 44800K, reserved 1087488K
  class space    used 5618K, capacity 6096K, committed 6144K, reserved 1048576K
Event: 2.702 GC heap after
Heap after GC invocations=9 (full 2):
 PSYoungGen      total 140288K, used 12794K [0x000000076c180000, 0x0000000778000000, 0x00000007c0000000)
  eden space 127488K, 0% used [0x000000076c180000,0x000000076c180000,0x0000000773e00000)
  from space 12800K, 99% used [0x0000000773e00000,0x0000000774a7e860,0x0000000774a80000)
  to   space 14336K, 0% used [0x0000000777200000,0x0000000777200000,0x0000000778000000)
 ParOldGen       total 180736K, used 14861K [0x00000006c4400000, 0x00000006cf480000, 0x000000076c180000)
  object space 180736K, 8% used [0x00000006c4400000,0x00000006c5283548,0x00000006cf480000)
 Metaspace       used 42091K, capacity 44688K, committed 44800K, reserved 1087488K
  class space    used 5618K, capacity 6096K, committed 6144K, reserved 1048576K
}

Deoptimization events (0 events):
No events

Classes redefined (0 events):
No events

Internal exceptions (10 events):
Event: 2.687 Thread 0x00000000032d6800 Exception <a 'java/lang/ArrayIndexOutOfBoundsException'> (0x0000000773c44058) thrown at [C:\re\workspace\8-2-build-windows-amd64-cygwin\jdk8u201\12322\hotspot\src\share\vm\runtime\sharedRuntime.cpp, line 605]
Event: 2.687 Thread 0x00000000032d6800 Exception <a 'java/lang/ArrayIndexOutOfBoundsException'> (0x0000000773c481d0) thrown at [C:\re\workspace\8-2-build-windows-amd64-cygwin\jdk8u201\12322\hotspot\src\share\vm\runtime\sharedRuntime.cpp, line 605]
Event: 2.727 Thread 0x00000000032d6800 Exception <a 'java/lang/ArrayIndexOutOfBoundsException'> (0x000000076c5f2070) thrown at [C:\re\workspace\8-2-build-windows-amd64-cygwin\jdk8u201\12322\hotspot\src\share\vm\runtime\sharedRuntime.cpp, line 605]
Event: 2.728 Thread 0x00000000032d6800 Exception <a 'java/lang/ArrayIndexOutOfBoundsException'> (0x000000076c5fddd8) thrown at [C:\re\workspace\8-2-build-windows-amd64-cygwin\jdk8u201\12322\hotspot\src\share\vm\runtime\sharedRuntime.cpp, line 605]
Event: 2.728 Thread 0x00000000032d6800 Exception <a 'java/lang/ArrayIndexOutOfBoundsException'> (0x000000076c6015e0) thrown at [C:\re\workspace\8-2-build-windows-amd64-cygwin\jdk8u201\12322\hotspot\src\share\vm\runtime\sharedRuntime.cpp, line 605]
Event: 2.728 Thread 0x00000000032d6800 Exception <a 'java/lang/ArrayIndexOutOfBoundsException'> (0x000000076c6038b0) thrown at [C:\re\workspace\8-2-build-windows-amd64-cygwin\jdk8u201\12322\hotspot\src\share\vm\runtime\sharedRuntime.cpp, line 605]
Event: 2.728 Thread 0x00000000032d6800 Exception <a 'java/lang/ArrayIndexOutOfBoundsException'> (0x000000076c605d90) thrown at [C:\re\workspace\8-2-build-windows-amd64-cygwin\jdk8u201\12322\hotspot\src\share\vm\runtime\sharedRuntime.cpp, line 605]
Event: 2.728 Thread 0x00000000032d6800 Exception <a 'java/lang/ArrayIndexOutOfBoundsException'> (0x000000076c607658) thrown at [C:\re\workspace\8-2-build-windows-amd64-cygwin\jdk8u201\12322\hotspot\src\share\vm\runtime\sharedRuntime.cpp, line 605]
Event: 2.736 Thread 0x00000000032d6800 Exception <a 'java/lang/ArrayIndexOutOfBoundsException'> (0x000000076c6ceab8) thrown at [C:\re\workspace\8-2-build-windows-amd64-cygwin\jdk8u201\12322\hotspot\src\share\vm\runtime\sharedRuntime.cpp, line 605]
Event: 2.737 Thread 0x00000000032d6800 Exception <a 'java/lang/ArrayIndexOutOfBoundsException'> (0x000000076c6e1648) thrown at [C:\re\workspace\8-2-build-windows-amd64-cygwin\jdk8u201\12322\hotspot\src\share\vm\runtime\sharedRuntime.cpp, line 605]

Events (10 events):
Event: 26.812 loading class org/springframework/boot/web/server/GracefulShutdownCallback done
Event: 26.920 loading class java/net/URISyntaxException
Event: 26.920 loading class java/net/URISyntaxException done
Event: 26.921 Thread 0x0000000025fa6800 Thread exited: 0x0000000025fa6800
Event: 26.921 Executing VM operation: RevokeBias
Event: 26.921 Executing VM operation: RevokeBias done
Event: 26.921 loading class org/apache/catalina/Lifecycle$SingleUse
Event: 26.921 loading class org/apache/catalina/Lifecycle$SingleUse done
Event: 26.922 loading class org/apache/catalina/core/ContainerBase$StopChild
Event: 26.922 loading class org/apache/catalina/core/ContainerBase$StopChild done


Dynamic libraries:
0x00007ff6fab30000 - 0x00007ff6fab67000 	D:\soft\jdk\bin\java.exe
0x00007ff82d1f0000 - 0x00007ff82d404000 	C:\Windows\SYSTEM32\ntdll.dll
0x00007ff82b490000 - 0x00007ff82b554000 	C:\Windows\System32\KERNEL32.DLL
0x00007ff82ac00000 - 0x00007ff82afa4000 	C:\Windows\System32\KERNELBASE.dll
0x00007ff823840000 - 0x00007ff8238d7000 	C:\Windows\SYSTEM32\apphelp.dll
0x00007ff8220b0000 - 0x00007ff822114000 	C:\Windows\SYSTEM32\AcGenral.DLL
0x00007ff82be80000 - 0x00007ff82bf27000 	C:\Windows\System32\msvcrt.dll
0x00007ff82c120000 - 0x00007ff82c1c6000 	C:\Windows\System32\sechost.dll
0x00007ff82b430000 - 0x00007ff82b48e000 	C:\Windows\System32\SHLWAPI.dll
0x00007ff82cfb0000 - 0x00007ff82d15a000 	C:\Windows\System32\USER32.dll
0x00007ff82a8d0000 - 0x00007ff82a8f6000 	C:\Windows\System32\win32u.dll
0x00007ff82ce30000 - 0x00007ff82ce59000 	C:\Windows\System32\GDI32.dll
0x00007ff82a5d0000 - 0x00007ff82a6e9000 	C:\Windows\System32\gdi32full.dll
0x00007ff82aaa0000 - 0x00007ff82ab3a000 	C:\Windows\System32\msvcp_win.dll
0x00007ff82a900000 - 0x00007ff82aa11000 	C:\Windows\System32\ucrtbase.dll
0x00007ff82afb0000 - 0x00007ff82b14c000 	C:\Windows\System32\ole32.dll
0x00007ff82baf0000 - 0x00007ff82be7a000 	C:\Windows\System32\combase.dll
0x00007ff82cca0000 - 0x00007ff82cdb7000 	C:\Windows\System32\RPCRT4.dll
0x00007ff82bfe0000 - 0x00007ff82c090000 	C:\Windows\System32\advapi32.dll
0x00007ff82cb40000 - 0x00007ff82cc33000 	C:\Windows\System32\shcore.dll
0x00007ff82c1d0000 - 0x00007ff82c9e6000 	C:\Windows\System32\SHELL32.dll
0x00007ff829c70000 - 0x00007ff829c9c000 	C:\Windows\SYSTEM32\USERENV.dll
0x00007ff817100000 - 0x00007ff81711e000 	C:\Windows\SYSTEM32\MPR.dll
0x00007ff829960000 - 0x00007ff8299a2000 	C:\Windows\SYSTEM32\SspiCli.dll
0x00007ff82ce90000 - 0x00007ff82cec1000 	C:\Windows\System32\IMM32.DLL
0x00007ff808090000 - 0x00007ff80831f000 	C:\Windows\WinSxS\amd64_microsoft.windows.common-controls_6595b64144ccf1df_6.0.22621.2070_none_2713e6537381f706\COMCTL32.dll
0x0000000067240000 - 0x0000000067311000 	D:\soft\jdk\jre\bin\msvcr100.dll
0x0000000066990000 - 0x0000000067234000 	D:\soft\jdk\jre\bin\server\jvm.dll
0x00007ff82ce60000 - 0x00007ff82ce68000 	C:\Windows\System32\PSAPI.DLL
0x00007ffff2e40000 - 0x00007ffff2e49000 	C:\Windows\SYSTEM32\WSOCK32.dll
0x00007ff81b1d0000 - 0x00007ff81b1da000 	C:\Windows\SYSTEM32\VERSION.dll
0x00007ff82b3b0000 - 0x00007ff82b421000 	C:\Windows\System32\WS2_32.dll
0x00007ff81fa10000 - 0x00007ff81fa44000 	C:\Windows\SYSTEM32\WINMM.dll
0x00007ff8220a0000 - 0x00007ff8220af000 	D:\soft\jdk\jre\bin\verify.dll
0x00007ff822060000 - 0x00007ff822089000 	D:\soft\jdk\jre\bin\java.dll
0x00007ff81fc00000 - 0x00007ff81fc23000 	D:\soft\jdk\jre\bin\instrument.dll
0x00007ff822000000 - 0x00007ff822016000 	D:\soft\jdk\jre\bin\zip.dll
0x00007ff8285b0000 - 0x00007ff828e9a000 	C:\Windows\SYSTEM32\windows.storage.dll
0x00007ff828470000 - 0x00007ff8285ae000 	C:\Windows\SYSTEM32\wintypes.dll
0x00007ff82a500000 - 0x00007ff82a526000 	C:\Windows\SYSTEM32\profapi.dll
0x00007ff81fbe0000 - 0x00007ff81fbfa000 	D:\soft\idea\IntelliJ IDEA 2022.2\bin\breakgen64.dll
0x00007ff820e00000 - 0x00007ff820e1a000 	D:\soft\jdk\jre\bin\net.dll
0x00007ff819ee0000 - 0x00007ff81a0d0000 	C:\Windows\SYSTEM32\urlmon.dll
0x00007ff8290f0000 - 0x00007ff8290fc000 	C:\Windows\SYSTEM32\netutils.dll
0x00007ff819b20000 - 0x00007ff819b49000 	C:\Windows\SYSTEM32\srvcli.dll
0x00007ff819860000 - 0x00007ff819b1c000 	C:\Windows\SYSTEM32\iertutil.dll
0x00007ff829b80000 - 0x00007ff829be9000 	C:\Windows\system32\mswsock.dll
0x00007ff8291e0000 - 0x00007ff8292d3000 	C:\Windows\SYSTEM32\DNSAPI.dll
0x00007ff8291b0000 - 0x00007ff8291dd000 	C:\Windows\SYSTEM32\IPHLPAPI.DLL
0x00007ff82c110000 - 0x00007ff82c119000 	C:\Windows\System32\NSI.dll
0x00007ff81f960000 - 0x00007ff81f96a000 	C:\Windows\System32\rasadhlp.dll
0x00007ff81f6c0000 - 0x00007ff81f744000 	C:\Windows\System32\fwpuclnt.dll
0x00007ff822020000 - 0x00007ff82202d000 	D:\soft\jdk\jre\bin\management.dll
0x00007ff820de0000 - 0x00007ff820df1000 	D:\soft\jdk\jre\bin\nio.dll
0x00007ff829dd0000 - 0x00007ff829deb000 	C:\Windows\SYSTEM32\CRYPTSP.dll
0x00007ff829670000 - 0x00007ff8296a5000 	C:\Windows\system32\rsaenh.dll
0x00007ff829f90000 - 0x00007ff829fb8000 	C:\Windows\SYSTEM32\bcrypt.dll
0x00007ff82aa20000 - 0x00007ff82aa9a000 	C:\Windows\System32\bcryptprimitives.dll
0x00007ff829df0000 - 0x00007ff829dfc000 	C:\Windows\SYSTEM32\CRYPTBASE.dll
0x00007ff820060000 - 0x00007ff820079000 	C:\Windows\SYSTEM32\dhcpcsvc6.DLL
0x00007ff820000000 - 0x00007ff82001f000 	C:\Windows\SYSTEM32\dhcpcsvc.DLL
0x00007fffe6040000 - 0x00007fffe6057000 	C:\Windows\system32\napinsp.dll
0x00007fffe6ca0000 - 0x00007fffe6cbb000 	C:\Windows\system32\pnrpnsp.dll
0x00007fffe1c60000 - 0x00007fffe1c71000 	C:\Windows\System32\winrnr.dll
0x00007ff81fe80000 - 0x00007ff81fe95000 	C:\Windows\system32\wshbth.dll
0x00007fffe1c30000 - 0x00007fffe1c51000 	C:\Windows\system32\nlansp_c.dll
0x00007ff81fb60000 - 0x00007ff81fb84000 	D:\soft\jdk\jre\bin\sunec.dll
0x00007ff821ff0000 - 0x00007ff821ffb000 	D:\soft\jdk\jre\bin\sunmscapi.dll
0x00007ff82a6f0000 - 0x00007ff82a857000 	C:\Windows\System32\CRYPT32.dll
0x00007ff802200000 - 0x00007ff8024fe000 	C:\Users\m1771\IdeaProjects\test\src\sdk\库文件\HCNetSDK.dll
0x00000000282c0000 - 0x0000000028d60000 	C:\Users\m1771\IdeaProjects\test\src\sdk\库文件\HCCore.dll
0x0000000028d60000 - 0x00000000293c2000 	C:\Users\m1771\IdeaProjects\test\src\sdk\库文件\PlayCtrl.dll
0x00007ff814760000 - 0x00007ff814794000 	C:\Users\m1771\IdeaProjects\test\src\sdk\库文件\AudioRender.dll
0x00007ffff3440000 - 0x00007ffff34e2000 	C:\Windows\SYSTEM32\DSOUND.dll
0x00007ff8294d0000 - 0x00007ff82951d000 	C:\Windows\SYSTEM32\powrprof.dll
0x00007fffef5e0000 - 0x00007fffef691000 	C:\Windows\SYSTEM32\ResampleDmo.DLL
0x00007ff82ced0000 - 0x00007ff82cfa7000 	C:\Windows\System32\OLEAUT32.dll
0x00007ff8175d0000 - 0x00007ff8175f9000 	C:\Windows\SYSTEM32\winmmbase.dll
0x00007ffff2910000 - 0x00007ffff291b000 	C:\Windows\SYSTEM32\msdmo.dll
0x00007ff8294a0000 - 0x00007ff8294b3000 	C:\Windows\SYSTEM32\UMPDC.dll
0x00007fffe2230000 - 0x00007fffe250f000 	C:\Users\m1771\IdeaProjects\test\src\sdk\库文件\libcrypto-1_1-x64.dll
0x00007fffef500000 - 0x00007fffef5d2000 	C:\Users\m1771\IdeaProjects\test\src\sdk\库文件\libssl-1_1-x64.dll
0x00007fffe1f60000 - 0x00007fffe222a000 	C:\Users\m1771\IdeaProjects\test\src\sdk\库文件\HCNetSDKCom\HCPreview.dll
0x000000002e9d0000 - 0x000000002ece4000 	C:\Users\m1771\IdeaProjects\test\src\sdk\库文件\HCNetSDKCom\HCCoreDevCfg.dll
0x000000002ef10000 - 0x000000002f0b1000 	C:\Users\m1771\IdeaProjects\test\src\sdk\库文件\SuperRender.dll
0x00007fffef400000 - 0x00007fffef4fe000 	C:\Windows\SYSTEM32\DDRAW.dll
0x00007ff8246f0000 - 0x00007ff8247e8000 	C:\Windows\SYSTEM32\dxgi.dll
0x00007ff81fbd0000 - 0x00007ff81fbd9000 	C:\Windows\SYSTEM32\DCIMAN32.dll
0x00007ff827a00000 - 0x00007ff827a38000 	C:\Windows\SYSTEM32\dxcore.dll
0x00007ff81d2e0000 - 0x00007ff81d32a000 	C:\Windows\SYSTEM32\directxdatabasehelper.dll
0x00007ff8296b0000 - 0x00007ff8296c8000 	C:\Windows\SYSTEM32\kernel.appcore.dll
0x00007ff818670000 - 0x00007ff819856000 	C:\Windows\System32\DriverStore\FileRepository\iigd_dch.inf_amd64_9596b1d794ff970f\igd10um64xe.DLL
0x00007ff82a2e0000 - 0x00007ff82a30c000 	C:\Windows\SYSTEM32\DEVOBJ.dll
0x00007ff82a290000 - 0x00007ff82a2de000 	C:\Windows\SYSTEM32\cfgmgr32.dll
0x00007ff82a860000 - 0x00007ff82a8cb000 	C:\Windows\System32\WINTRUST.dll
0x00007ff829e30000 - 0x00007ff829e42000 	C:\Windows\SYSTEM32\MSASN1.dll
0x00007ff824580000 - 0x00007ff82462b000 	C:\Windows\system32\uxtheme.dll
0x00007ff82b560000 - 0x00007ff82b9d4000 	C:\Windows\System32\SETUPAPI.dll
0x00007ff80de00000 - 0x00007ff8122ea000 	C:\Windows\System32\DriverStore\FileRepository\iigd_dch.inf_amd64_9596b1d794ff970f\igc64.dll
0x00007fffd2560000 - 0x00007fffd786d000 	C:\Windows\System32\DriverStore\FileRepository\iigd_dch.inf_amd64_9596b1d794ff970f\igd12dxva64.dll
0x00007fff9e770000 - 0x00007fff9e9b4000 	C:\Users\m1771\IdeaProjects\test\src\sdk\库文件\HXVA.dll
0x00007fffa92b0000 - 0x00007fffa92d5000 	C:\Windows\SYSTEM32\dxva2.dll
0x00007ff822140000 - 0x00007ff822397000 	C:\Windows\SYSTEM32\d3d11.dll
0x00007fffdc060000 - 0x00007fffdc209000 	C:\Windows\SYSTEM32\d3d9.dll
0x00007ff824800000 - 0x00007ff82482b000 	C:\Windows\SYSTEM32\dwmapi.dll
0x00007ff817c80000 - 0x00007ff817cba000 	C:\Windows\SYSTEM32\ControlLib.dll
0x00007ff82bf30000 - 0x00007ff82bfe0000 	C:\Windows\System32\clbcatq.dll
0x00007ff81a530000 - 0x00007ff81a54d000 	C:\Windows\SYSTEM32\amsi.dll
0x00007ff81a0d0000 - 0x00007ff81a14c000 	C:\ProgramData\Microsoft\Windows Defender\Platform\4.18.23070.1004-0\MpOav.dll
0x00007ff827b30000 - 0x00007ff827d5e000 	C:\Windows\SYSTEM32\dbghelp.dll

VM Arguments:
jvm_args: -XX:TieredStopAtLevel=1 -Xverify:none -Dspring.output.ansi.enabled=always -Dcom.sun.management.jmxremote -Dspring.jmx.enabled=true -Dspring.liveBeansView.mbeanDomain -Dspring.application.admin.enabled=true -javaagent:D:\soft\idea\IntelliJ IDEA 2022.2\lib\idea_rt.jar=55209:D:\soft\idea\IntelliJ IDEA 2022.2\bin -Dfile.encoding=UTF-8 
java_command: com.deyi.daxie.cloud.service.DaxieCloudServiceApplication
java_class_path (initial): D:\soft\jdk\jre\lib\charsets.jar;D:\soft\jdk\jre\lib\deploy.jar;D:\soft\jdk\jre\lib\ext\access-bridge-64.jar;D:\soft\jdk\jre\lib\ext\cldrdata.jar;D:\soft\jdk\jre\lib\ext\dnsns.jar;D:\soft\jdk\jre\lib\ext\jaccess.jar;D:\soft\jdk\jre\lib\ext\jfxrt.jar;D:\soft\jdk\jre\lib\ext\localedata.jar;D:\soft\jdk\jre\lib\ext\nashorn.jar;D:\soft\jdk\jre\lib\ext\sunec.jar;D:\soft\jdk\jre\lib\ext\sunjce_provider.jar;D:\soft\jdk\jre\lib\ext\sunmscapi.jar;D:\soft\jdk\jre\lib\ext\sunpkcs11.jar;D:\soft\jdk\jre\lib\ext\zipfs.jar;D:\soft\jdk\jre\lib\javaws.jar;D:\soft\jdk\jre\lib\jce.jar;D:\soft\jdk\jre\lib\jfr.jar;D:\soft\jdk\jre\lib\jfxswt.jar;D:\soft\jdk\jre\lib\jsse.jar;D:\soft\jdk\jre\lib\management-agent.jar;D:\soft\jdk\jre\lib\plugin.jar;D:\soft\jdk\jre\lib\resources.jar;D:\soft\jdk\jre\lib\rt.jar;D:\workspace\daxie-cloud-service\target\classes;D:\maven\MavenRepository\org\springframework\boot\spring-boot-starter\2.4.9\spring-boot-starter-2.4.9.jar;D:\maven\MavenRepository\org\springframework\boot\spring-boot\2.4.9\spring-boot-2.4.9.jar;D:\maven\MavenRepository\org\springframework\spring-context\5.3.9\spring-context-5.3.9.jar;D:\maven\MavenRepository\org\springframework\spring-expression\5.3.9\spring-expression-5.3.9.jar;D:\maven\MavenRepository\org\springframework\boot\spring-boot-autoconfigure\2.4.9\spring-boot-autoconfigure-2.4.9.jar;D:\maven\MavenRepository\org\springframework\boot\spring-boot-starter-logging\2.4.9\spring-boot-starter-logging-2.4.9.jar;D:\maven\MavenRepository\ch\qos\logback\logback-classic\1.2.4\logback-classic-1.2.4.jar;D:\maven\MavenRepository\ch\qos\logback\logback-core\1.2.4\logback-core-1.2.4.jar;D:\maven\MavenRepository\org\apache\logging\log4j\log4j-to-slf4j\2.13.3\log4j-to-slf4j-2.13.3.jar;D:\maven\MavenRepository\org\apache\logging\log4j\log4j-api\2.13.3\log4j-api-2.13.3.jar;D:\maven\MavenRepository\org\slf4j\jul-to-slf4j\1.7.32\jul-to-slf4j-1.7.32.jar;D:\maven\MavenRepository\jakarta\annotation\jakarta.annotation-api\1.3.
Launcher Type: SUN_STANDARD

Environment Variables:
JAVA_HOME=D:\soft\jdk
PATH=C:\Program Files (x86)\Common Files\Oracle\Java\javapath;C:\Windows\system32;C:\Windows;C:\Windows\System32\Wbem;C:\Windows\System32\WindowsPowerShell\v1.0\;C:\Windows\System32\OpenSSH\;D:\soft\svn\bin;D:\soft\git\cmd;D:\soft\jdk\bin;D:\soft\nvm\v14.21.0;D:\soft\nvm;D:\soft\nvm;C:\Users\m1771\AppData\Local\Microsoft\WindowsApps;D:\soft\Microsoft VS Code\Microsoft VS Code\bin;D:\g++\x86_64-8.1.0-release-posix-seh-rt_v6-rev0\mingw64\bin;D:\soft\nvm\v14.21.0;D:\soft\nvm;D:\soft\nvm;
USERNAME=m1771
OS=Windows_NT
PROCESSOR_IDENTIFIER=Intel64 Family 6 Model 154 Stepping 3, GenuineIntel



---------------  S Y S T E M  ---------------

OS: Windows 10.0 , 64 bit Build 22621 (10.0.22621.2070)

CPU:total 20 (initial active 20) (10 cores per cpu, 2 threads per core) family 6 model 154 stepping 3, cmov, cx8, fxsr, mmx, sse, sse2, sse3, ssse3, sse4.1, sse4.2, popcnt, avx, avx2, aes, clmul, erms, 3dnowpref, lzcnt, ht, tsc, tscinvbit, bmi1, bmi2, adx

Memory: 4k page, physical 16495096k(3946416k free), swap 28553720k(9629564k free)

vm_info: Java HotSpot(TM) 64-Bit Server VM (25.201-b09) for windows-amd64 JRE (1.8.0_201-b09), built on Dec 15 2018 18:36:39 by "java_re" with MS VC++ 10.0 (VS2010)

time: Wed Aug 23 16:41:38 2023
timezone: 中国标准时间
elapsed time: 27 seconds (0d 0h 0m 27s)

